{"/home/travis/build/npmtest/node-npmtest-dockerode/test.js":{"path":"/home/travis/build/npmtest/node-npmtest-dockerode/test.js","s":{"1":2,"2":2,"3":2,"4":2,"5":2,"6":2,"7":2,"8":1,"9":2,"10":2,"11":1,"12":1,"13":1,"14":1,"15":2,"16":2,"17":2,"18":2,"19":1,"20":1,"21":2,"22":2,"23":2,"24":1,"25":1,"26":1,"27":1,"28":1,"29":1,"30":1,"31":1,"32":1,"33":1,"34":1,"35":1,"36":1,"37":2,"38":2,"39":1,"40":2,"41":2,"42":1,"43":2,"44":2,"45":1,"46":2,"47":2,"48":1,"49":1,"50":1,"51":1,"52":1},"b":{"1":[2,1,1,1],"2":[1,1,1,1],"3":[1,1],"4":[1,1],"5":[1,1],"6":[1,1],"7":[1,1],"8":[1,1],"9":[1,1,1],"10":[1,1],"11":[1,1],"12":[1,1],"13":[1,1],"14":[1,1],"15":[1,1],"16":[1,1]},"f":{"1":2,"2":2,"3":2,"4":2,"5":2,"6":1,"7":1,"8":2,"9":2,"10":2,"11":2,"12":1},"fnMap":{"1":{"name":"(anonymous_1)","line":12,"loc":{"start":{"line":12,"column":1},"end":{"line":12,"column":13}}},"2":{"name":"(anonymous_2)","line":19,"loc":{"start":{"line":19,"column":5},"end":{"line":19,"column":17}}},"3":{"name":"(anonymous_3)","line":23,"loc":{"start":{"line":23,"column":24},"end":{"line":23,"column":36}}},"4":{"name":"(anonymous_4)","line":61,"loc":{"start":{"line":61,"column":5},"end":{"line":61,"column":17}}},"5":{"name":"(anonymous_5)","line":82,"loc":{"start":{"line":82,"column":5},"end":{"line":82,"column":17}}},"6":{"name":"(anonymous_6)","line":102,"loc":{"start":{"line":102,"column":83},"end":{"line":105,"column":10}},"skip":true},"7":{"name":"(anonymous_7)","line":113,"loc":{"start":{"line":113,"column":77},"end":{"line":116,"column":10}},"skip":true},"8":{"name":"(anonymous_8)","line":129,"loc":{"start":{"line":129,"column":12},"end":{"line":129,"column":40}},"skip":true},"9":{"name":"(anonymous_9)","line":137,"loc":{"start":{"line":137,"column":77},"end":{"line":140,"column":10}},"skip":true},"10":{"name":"(anonymous_10)","line":148,"loc":{"start":{"line":148,"column":83},"end":{"line":151,"column":10}},"skip":true},"11":{"name":"(anonymous_11)","line":159,"loc":{"start":{"line":159,"column":79},"end":{"line":162,"column":10}},"skip":true},"12":{"name":"(anonymous_12)","line":170,"loc":{"start":{"line":170,"column":75},"end":{"line":173,"column":10}},"skip":true}},"statementMap":{"1":{"start":{"line":12,"column":0},"end":{"line":185,"column":5}},"2":{"start":{"line":14,"column":4},"end":{"line":14,"column":14}},"3":{"start":{"line":19,"column":4},"end":{"line":56,"column":9}},"4":{"start":{"line":21,"column":8},"end":{"line":21,"column":19}},"5":{"start":{"line":23,"column":8},"end":{"line":35,"column":13}},"6":{"start":{"line":24,"column":12},"end":{"line":34,"column":13}},"7":{"start":{"line":25,"column":16},"end":{"line":28,"column":30}},"8":{"start":{"line":30,"column":16},"end":{"line":33,"column":27}},"9":{"start":{"line":37,"column":8},"end":{"line":39,"column":21}},"10":{"start":{"line":40,"column":8},"end":{"line":53,"column":9}},"11":{"start":{"line":43,"column":12},"end":{"line":46,"column":14}},"12":{"start":{"line":47,"column":12},"end":{"line":47,"column":18}},"13":{"start":{"line":50,"column":12},"end":{"line":51,"column":46}},"14":{"start":{"line":52,"column":12},"end":{"line":52,"column":18}},"15":{"start":{"line":55,"column":8},"end":{"line":55,"column":35}},"16":{"start":{"line":61,"column":4},"end":{"line":63,"column":9}},"17":{"start":{"line":62,"column":8},"end":{"line":62,"column":15}},"18":{"start":{"line":64,"column":4},"end":{"line":77,"column":5}},"19":{"start":{"line":70,"column":8},"end":{"line":70,"column":14}},"20":{"start":{"line":76,"column":8},"end":{"line":76,"column":14}},"21":{"start":{"line":82,"column":4},"end":{"line":84,"column":9}},"22":{"start":{"line":83,"column":8},"end":{"line":83,"column":15}},"23":{"start":{"line":85,"column":4},"end":{"line":184,"column":5}},"24":{"start":{"line":92,"column":8},"end":{"line":94,"column":63}},"25":{"start":{"line":95,"column":8},"end":{"line":95,"column":14}},"26":{"start":{"line":102,"column":8},"end":{"line":111,"column":10},"skip":true},"27":{"start":{"line":109,"column":12},"end":{"line":109,"column":55},"skip":true},"28":{"start":{"line":110,"column":12},"end":{"line":110,"column":48},"skip":true},"29":{"start":{"line":113,"column":8},"end":{"line":126,"column":10},"skip":true},"30":{"start":{"line":120,"column":12},"end":{"line":120,"column":76},"skip":true},"31":{"start":{"line":121,"column":12},"end":{"line":121,"column":73},"skip":true},"32":{"start":{"line":122,"column":12},"end":{"line":122,"column":74},"skip":true},"33":{"start":{"line":123,"column":12},"end":{"line":123,"column":79},"skip":true},"34":{"start":{"line":124,"column":12},"end":{"line":124,"column":25},"skip":true},"35":{"start":{"line":125,"column":12},"end":{"line":125,"column":45},"skip":true},"36":{"start":{"line":128,"column":8},"end":{"line":135,"column":14},"skip":true},"37":{"start":{"line":133,"column":16},"end":{"line":133,"column":29},"skip":true},"38":{"start":{"line":134,"column":16},"end":{"line":134,"column":55},"skip":true},"39":{"start":{"line":137,"column":8},"end":{"line":146,"column":10},"skip":true},"40":{"start":{"line":144,"column":12},"end":{"line":144,"column":25},"skip":true},"41":{"start":{"line":145,"column":12},"end":{"line":145,"column":45},"skip":true},"42":{"start":{"line":148,"column":8},"end":{"line":157,"column":10},"skip":true},"43":{"start":{"line":155,"column":12},"end":{"line":155,"column":25},"skip":true},"44":{"start":{"line":156,"column":12},"end":{"line":156,"column":48},"skip":true},"45":{"start":{"line":159,"column":8},"end":{"line":168,"column":10},"skip":true},"46":{"start":{"line":166,"column":12},"end":{"line":166,"column":25},"skip":true},"47":{"start":{"line":167,"column":12},"end":{"line":167,"column":46},"skip":true},"48":{"start":{"line":170,"column":8},"end":{"line":179,"column":10},"skip":true},"49":{"start":{"line":177,"column":12},"end":{"line":177,"column":94},"skip":true},"50":{"start":{"line":178,"column":12},"end":{"line":178,"column":48},"skip":true},"51":{"start":{"line":182,"column":8},"end":{"line":182,"column":35},"skip":true},"52":{"start":{"line":183,"column":8},"end":{"line":183,"column":14},"skip":true}},"branchMap":{"1":{"line":25,"type":"binary-expr","locations":[{"start":{"line":25,"column":23},"end":{"line":25,"column":62}},{"start":{"line":26,"column":20},"end":{"line":26,"column":70}},{"start":{"line":27,"column":20},"end":{"line":27,"column":71}},{"start":{"line":28,"column":20},"end":{"line":28,"column":29}}]},"2":{"line":30,"type":"binary-expr","locations":[{"start":{"line":30,"column":23},"end":{"line":30,"column":37}},{"start":{"line":31,"column":20},"end":{"line":31,"column":61}},{"start":{"line":32,"column":20},"end":{"line":32,"column":70}},{"start":{"line":33,"column":20},"end":{"line":33,"column":26}}]},"3":{"line":37,"type":"cond-expr","locations":[{"start":{"line":38,"column":14},"end":{"line":38,"column":20}},{"start":{"line":39,"column":14},"end":{"line":39,"column":20}}]},"4":{"line":40,"type":"switch","locations":[{"start":{"line":42,"column":8},"end":{"line":47,"column":18}},{"start":{"line":49,"column":8},"end":{"line":52,"column":18}}]},"5":{"line":44,"type":"binary-expr","locations":[{"start":{"line":44,"column":16},"end":{"line":44,"column":44}},{"start":{"line":44,"column":48},"end":{"line":44,"column":66}}]},"6":{"line":50,"type":"binary-expr","locations":[{"start":{"line":50,"column":21},"end":{"line":50,"column":49}},{"start":{"line":50,"column":53},"end":{"line":50,"column":72}}]},"7":{"line":64,"type":"switch","locations":[{"start":{"line":69,"column":4},"end":{"line":70,"column":14}},{"start":{"line":75,"column":4},"end":{"line":76,"column":14}}]},"8":{"line":85,"type":"switch","locations":[{"start":{"line":90,"column":4},"end":{"line":95,"column":14}},{"start":{"line":101,"column":4},"end":{"line":183,"column":14},"skip":true}]},"9":{"line":92,"type":"binary-expr","locations":[{"start":{"line":92,"column":18},"end":{"line":92,"column":32}},{"start":{"line":93,"column":12},"end":{"line":93,"column":53}},{"start":{"line":94,"column":12},"end":{"line":94,"column":61}}]},"10":{"line":102,"type":"binary-expr","locations":[{"start":{"line":102,"column":45},"end":{"line":102,"column":79},"skip":true},{"start":{"line":102,"column":83},"end":{"line":111,"column":9},"skip":true}]},"11":{"line":113,"type":"binary-expr","locations":[{"start":{"line":113,"column":42},"end":{"line":113,"column":73},"skip":true},{"start":{"line":113,"column":77},"end":{"line":126,"column":9},"skip":true}]},"12":{"line":128,"type":"binary-expr","locations":[{"start":{"line":128,"column":48},"end":{"line":128,"column":85},"skip":true},{"start":{"line":129,"column":12},"end":{"line":135,"column":13},"skip":true}]},"13":{"line":137,"type":"binary-expr","locations":[{"start":{"line":137,"column":42},"end":{"line":137,"column":73},"skip":true},{"start":{"line":137,"column":77},"end":{"line":146,"column":9},"skip":true}]},"14":{"line":148,"type":"binary-expr","locations":[{"start":{"line":148,"column":45},"end":{"line":148,"column":79},"skip":true},{"start":{"line":148,"column":83},"end":{"line":157,"column":9},"skip":true}]},"15":{"line":159,"type":"binary-expr","locations":[{"start":{"line":159,"column":43},"end":{"line":159,"column":75},"skip":true},{"start":{"line":159,"column":79},"end":{"line":168,"column":9},"skip":true}]},"16":{"line":170,"type":"binary-expr","locations":[{"start":{"line":170,"column":41},"end":{"line":170,"column":71},"skip":true},{"start":{"line":170,"column":75},"end":{"line":179,"column":9},"skip":true}]}},"code":["/* istanbul instrument in package npmtest_dockerode */","/*jslint","    bitwise: true,","    browser: true,","    maxerr: 8,","    maxlen: 96,","    node: true,","    nomen: true,","    regexp: true,","    stupid: true","*/","(function () {","    'use strict';","    var local;","","","","    // run shared js-env code - pre-init","    (function () {","        // init local","        local = {};","        // init modeJs","        local.modeJs = (function () {","            try {","                return typeof navigator.userAgent === 'string' &&","                    typeof document.querySelector('body') === 'object' &&","                    typeof XMLHttpRequest.prototype.open === 'function' &&","                    'browser';","            } catch (errorCaughtBrowser) {","                return module.exports &&","                    typeof process.versions.node === 'string' &&","                    typeof require('http').createServer === 'function' &&","                    'node';","            }","        }());","        // init global","        local.global = local.modeJs === 'browser'","            ? window","            : global;","        switch (local.modeJs) {","        // re-init local from window.local","        case 'browser':","            local = local.global.utility2.objectSetDefault(","                local.global.utility2_rollup || local.global.local,","                local.global.utility2","            );","            break;","        // re-init local from example.js","        case 'node':","            local = (local.global.utility2_rollup || require('utility2'))","                .requireExampleJsFromReadme();","            break;","        }","        // export local","        local.global.local = local;","    }());","","","","    // run shared js-env code - function","    (function () {","        return;","    }());","    switch (local.modeJs) {","","","","    // run browser js-env code - function","    case 'browser':","        break;","","","","    // run node js-env code - function","    case 'node':","        break;","    }","","","","    // run shared js-env code - post-init","    (function () {","        return;","    }());","    switch (local.modeJs) {","","","","    // run browser js-env code - post-init","    case 'browser':","        // run tests","        local.nop(local.modeTest &&","            document.querySelector('#testRunButton1') &&","            document.querySelector('#testRunButton1').click());","        break;","","","","    // run node js-env code - post-init","    /* istanbul ignore next */","    case 'node':","        local.testCase_buildApidoc_default = local.testCase_buildApidoc_default || function (","            options,","            onError","        ) {","        /*","         * this function will test buildApidoc's default handling-behavior-behavior","         */","            options = { modulePathList: module.paths };","            local.buildApidoc(options, onError);","        };","","        local.testCase_buildApp_default = local.testCase_buildApp_default || function (","            options,","            onError","        ) {","        /*","         * this function will test buildApp's default handling-behavior-behavior","         */","            local.testCase_buildReadme_default(options, local.onErrorThrow);","            local.testCase_buildLib_default(options, local.onErrorThrow);","            local.testCase_buildTest_default(options, local.onErrorThrow);","            local.testCase_buildCustomOrg_default(options, local.onErrorThrow);","            options = [];","            local.buildApp(options, onError);","        };","","        local.testCase_buildCustomOrg_default = local.testCase_buildCustomOrg_default ||","            function (options, onError) {","            /*","             * this function will test buildCustomOrg's default handling-behavior","             */","                options = {};","                local.buildCustomOrg(options, onError);","            };","","        local.testCase_buildLib_default = local.testCase_buildLib_default || function (","            options,","            onError","        ) {","        /*","         * this function will test buildLib's default handling-behavior","         */","            options = {};","            local.buildLib(options, onError);","        };","","        local.testCase_buildReadme_default = local.testCase_buildReadme_default || function (","            options,","            onError","        ) {","        /*","         * this function will test buildReadme's default handling-behavior-behavior","         */","            options = {};","            local.buildReadme(options, onError);","        };","","        local.testCase_buildTest_default = local.testCase_buildTest_default || function (","            options,","            onError","        ) {","        /*","         * this function will test buildTest's default handling-behavior","         */","            options = {};","            local.buildTest(options, onError);","        };","","        local.testCase_webpage_default = local.testCase_webpage_default || function (","            options,","            onError","        ) {","        /*","         * this function will test webpage's default handling-behavior","         */","            options = { modeCoverageMerge: true, url: local.serverLocalHost + '?modeTest=1' };","            local.browserTest(options, onError);","        };","","        // run test-server","        local.testRunServer(local);","        break;","    }","}());",""],"l":{"12":2,"14":2,"19":2,"21":2,"23":2,"24":2,"25":2,"30":1,"37":2,"40":2,"43":1,"47":1,"50":1,"52":1,"55":2,"61":2,"62":2,"64":2,"70":1,"76":1,"82":2,"83":2,"85":2,"92":1,"95":1,"102":1,"109":1,"110":1,"113":1,"120":1,"121":1,"122":1,"123":1,"124":1,"125":1,"128":1,"133":2,"134":2,"137":1,"144":2,"145":2,"148":1,"155":2,"156":2,"159":1,"166":2,"167":2,"170":1,"177":1,"178":1,"182":1,"183":1}},"/home/travis/build/npmtest/node-npmtest-dockerode/lib.npmtest_dockerode.js":{"path":"/home/travis/build/npmtest/node-npmtest-dockerode/lib.npmtest_dockerode.js","s":{"1":2,"2":2,"3":2,"4":2,"5":2,"6":2,"7":2,"8":1,"9":2,"10":2,"11":2,"12":2,"13":1,"14":1,"15":1,"16":1},"b":{"1":[2,1,1,1],"2":[1,1,1,1],"3":[1,1],"4":[2,2],"5":[1,1]},"f":{"1":2,"2":2,"3":2},"fnMap":{"1":{"name":"(anonymous_1)","line":12,"loc":{"start":{"line":12,"column":1},"end":{"line":12,"column":13}}},"2":{"name":"(anonymous_2)","line":19,"loc":{"start":{"line":19,"column":5},"end":{"line":19,"column":17}}},"3":{"name":"(anonymous_3)","line":23,"loc":{"start":{"line":23,"column":24},"end":{"line":23,"column":36}}}},"statementMap":{"1":{"start":{"line":12,"column":0},"end":{"line":53,"column":5}},"2":{"start":{"line":14,"column":4},"end":{"line":14,"column":14}},"3":{"start":{"line":19,"column":4},"end":{"line":52,"column":9}},"4":{"start":{"line":21,"column":8},"end":{"line":21,"column":19}},"5":{"start":{"line":23,"column":8},"end":{"line":35,"column":13}},"6":{"start":{"line":24,"column":12},"end":{"line":34,"column":13}},"7":{"start":{"line":25,"column":16},"end":{"line":28,"column":30}},"8":{"start":{"line":30,"column":16},"end":{"line":33,"column":27}},"9":{"start":{"line":37,"column":8},"end":{"line":39,"column":21}},"10":{"start":{"line":41,"column":8},"end":{"line":41,"column":54}},"11":{"start":{"line":43,"column":8},"end":{"line":43,"column":54}},"12":{"start":{"line":45,"column":8},"end":{"line":51,"column":9}},"13":{"start":{"line":46,"column":12},"end":{"line":46,"column":60}},"14":{"start":{"line":48,"column":12},"end":{"line":48,"column":35}},"15":{"start":{"line":49,"column":12},"end":{"line":49,"column":49}},"16":{"start":{"line":50,"column":12},"end":{"line":50,"column":43}}},"branchMap":{"1":{"line":25,"type":"binary-expr","locations":[{"start":{"line":25,"column":23},"end":{"line":25,"column":62}},{"start":{"line":26,"column":20},"end":{"line":26,"column":70}},{"start":{"line":27,"column":20},"end":{"line":27,"column":71}},{"start":{"line":28,"column":20},"end":{"line":28,"column":29}}]},"2":{"line":30,"type":"binary-expr","locations":[{"start":{"line":30,"column":23},"end":{"line":30,"column":37}},{"start":{"line":31,"column":20},"end":{"line":31,"column":61}},{"start":{"line":32,"column":20},"end":{"line":32,"column":70}},{"start":{"line":33,"column":20},"end":{"line":33,"column":26}}]},"3":{"line":37,"type":"cond-expr","locations":[{"start":{"line":38,"column":14},"end":{"line":38,"column":20}},{"start":{"line":39,"column":14},"end":{"line":39,"column":20}}]},"4":{"line":41,"type":"binary-expr","locations":[{"start":{"line":41,"column":16},"end":{"line":41,"column":44}},{"start":{"line":41,"column":48},"end":{"line":41,"column":53}}]},"5":{"line":45,"type":"if","locations":[{"start":{"line":45,"column":8},"end":{"line":45,"column":8}},{"start":{"line":45,"column":8},"end":{"line":45,"column":8}}]}},"code":["/* istanbul instrument in package npmtest_dockerode */","/*jslint","    bitwise: true,","    browser: true,","    maxerr: 8,","    maxlen: 96,","    node: true,","    nomen: true,","    regexp: true,","    stupid: true","*/","(function () {","    'use strict';","    var local;","","","","    // run shared js-env code - pre-init","    (function () {","        // init local","        local = {};","        // init modeJs","        local.modeJs = (function () {","            try {","                return typeof navigator.userAgent === 'string' &&","                    typeof document.querySelector('body') === 'object' &&","                    typeof XMLHttpRequest.prototype.open === 'function' &&","                    'browser';","            } catch (errorCaughtBrowser) {","                return module.exports &&","                    typeof process.versions.node === 'string' &&","                    typeof require('http').createServer === 'function' &&","                    'node';","            }","        }());","        // init global","        local.global = local.modeJs === 'browser'","            ? window","            : global;","        // init utility2_rollup","        local = local.global.utility2_rollup || local;","        // init lib","        local.local = local.npmtest_dockerode = local;","        // init exports","        if (local.modeJs === 'browser') {","            local.global.utility2_npmtest_dockerode = local;","        } else {","            module.exports = local;","            module.exports.__dirname = __dirname;","            module.exports.module = module;","        }","    }());","}());",""],"l":{"12":2,"14":2,"19":2,"21":2,"23":2,"24":2,"25":2,"30":1,"37":2,"41":2,"43":2,"45":2,"46":1,"48":1,"49":1,"50":1}},"/home/travis/build/npmtest/node-npmtest-dockerode/example.js":{"path":"/home/travis/build/npmtest/node-npmtest-dockerode/example.js","s":{"1":2,"2":2,"3":2,"4":2,"5":2,"6":2,"7":2,"8":1,"9":2,"10":2,"11":2,"12":2,"13":1,"14":2,"15":2,"16":2,"17":2,"18":2,"19":0,"20":2,"21":1,"22":1,"23":1,"24":1,"25":1,"26":0,"27":0,"28":1,"29":1,"30":2,"31":0,"32":0,"33":0,"34":1,"35":2,"36":2,"37":2,"38":2,"39":2,"40":2,"41":0,"42":2,"43":2,"44":2,"45":1,"46":3,"47":1,"48":1,"49":1,"50":1,"51":1,"52":1,"53":1,"54":1,"55":1,"56":1,"57":0,"58":1,"59":6,"60":6,"61":1,"62":2,"63":0,"64":2,"65":1,"66":1,"67":0,"68":0,"69":0,"70":0,"71":0,"72":0,"73":0,"74":0,"75":0,"76":0,"77":0,"78":0,"79":0,"80":0,"81":0,"82":0,"83":0},"b":{"1":[2,1,1,1],"2":[1,1,1,1],"3":[1,1],"4":[2,2],"5":[1,1],"6":[1,1],"7":[2,0],"8":[2,1,1,1,1,1],"9":[0,2,0],"10":[1,1],"11":[2,1,1],"12":[1,0],"13":[0,2],"14":[2,0,0,0,0,0,0],"15":[0,2],"16":[2,0],"17":[1,1],"18":[0,1],"19":[1,2,0,2],"20":[1,0],"21":[1,1],"22":[0,0],"23":[0,0],"24":[0,0],"25":[0,0],"26":[0,0],"27":[0,0],"28":[0,0]},"f":{"1":2,"2":2,"3":2,"4":2,"5":2,"6":2,"7":2,"8":2,"9":3,"10":1,"11":6,"12":0},"fnMap":{"1":{"name":"(anonymous_1)","line":26,"loc":{"start":{"line":26,"column":1},"end":{"line":26,"column":13}}},"2":{"name":"(anonymous_2)","line":33,"loc":{"start":{"line":33,"column":5},"end":{"line":33,"column":17}}},"3":{"name":"(anonymous_3)","line":37,"loc":{"start":{"line":37,"column":24},"end":{"line":37,"column":36}}},"4":{"name":"(anonymous_4)","line":69,"loc":{"start":{"line":69,"column":31},"end":{"line":69,"column":48}},"skip":true},"5":{"name":"(anonymous_5)","line":78,"loc":{"start":{"line":78,"column":26},"end":{"line":78,"column":45}},"skip":true},"6":{"name":"(anonymous_6)","line":123,"loc":{"start":{"line":123,"column":33},"end":{"line":123,"column":48}},"skip":true},"7":{"name":"(anonymous_7)","line":125,"loc":{"start":{"line":125,"column":27},"end":{"line":125,"column":39}},"skip":true},"8":{"name":"(anonymous_8)","line":133,"loc":{"start":{"line":133,"column":59},"end":{"line":133,"column":74}},"skip":true},"9":{"name":"(anonymous_9)","line":143,"loc":{"start":{"line":143,"column":45},"end":{"line":143,"column":62}},"skip":true},"10":{"name":"(anonymous_10)","line":144,"loc":{"start":{"line":144,"column":73},"end":{"line":144,"column":92}},"skip":true},"11":{"name":"(anonymous_11)","line":272,"loc":{"start":{"line":272,"column":51},"end":{"line":272,"column":77}},"skip":true},"12":{"name":"(anonymous_12)","line":314,"loc":{"start":{"line":314,"column":32},"end":{"line":314,"column":61}},"skip":true}},"statementMap":{"1":{"start":{"line":26,"column":0},"end":{"line":325,"column":5}},"2":{"start":{"line":28,"column":4},"end":{"line":28,"column":14}},"3":{"start":{"line":33,"column":4},"end":{"line":60,"column":9}},"4":{"start":{"line":35,"column":8},"end":{"line":35,"column":19}},"5":{"start":{"line":37,"column":8},"end":{"line":49,"column":13}},"6":{"start":{"line":38,"column":12},"end":{"line":48,"column":13}},"7":{"start":{"line":39,"column":16},"end":{"line":42,"column":30}},"8":{"start":{"line":44,"column":16},"end":{"line":47,"column":27}},"9":{"start":{"line":51,"column":8},"end":{"line":53,"column":21}},"10":{"start":{"line":55,"column":8},"end":{"line":57,"column":45}},"11":{"start":{"line":59,"column":8},"end":{"line":59,"column":35}},"12":{"start":{"line":61,"column":4},"end":{"line":324,"column":5}},"13":{"start":{"line":69,"column":8},"end":{"line":121,"column":10},"skip":true},"14":{"start":{"line":70,"column":12},"end":{"line":88,"column":13},"skip":true},"15":{"start":{"line":76,"column":16},"end":{"line":87,"column":19},"skip":true},"16":{"start":{"line":79,"column":20},"end":{"line":86,"column":21},"skip":true},"17":{"start":{"line":82,"column":24},"end":{"line":82,"column":43},"skip":true},"18":{"start":{"line":83,"column":24},"end":{"line":83,"column":30},"skip":true},"19":{"start":{"line":85,"column":24},"end":{"line":85,"column":49},"skip":true},"20":{"start":{"line":89,"column":12},"end":{"line":107,"column":13},"skip":true},"21":{"start":{"line":92,"column":16},"end":{"line":102,"column":17},"skip":true},"22":{"start":{"line":93,"column":20},"end":{"line":93,"column":86},"skip":true},"23":{"start":{"line":94,"column":20},"end":{"line":95,"column":45},"skip":true},"24":{"start":{"line":96,"column":20},"end":{"line":96,"column":42},"skip":true},"25":{"start":{"line":97,"column":20},"end":{"line":97,"column":48},"skip":true},"26":{"start":{"line":100,"column":20},"end":{"line":100,"column":85},"skip":true},"27":{"start":{"line":101,"column":20},"end":{"line":101,"column":96},"skip":true},"28":{"start":{"line":103,"column":16},"end":{"line":103,"column":22},"skip":true},"29":{"start":{"line":106,"column":16},"end":{"line":106,"column":22},"skip":true},"30":{"start":{"line":108,"column":12},"end":{"line":120,"column":13},"skip":true},"31":{"start":{"line":114,"column":16},"end":{"line":119,"column":17},"skip":true},"32":{"start":{"line":116,"column":20},"end":{"line":116,"column":78},"skip":true},"33":{"start":{"line":118,"column":20},"end":{"line":118,"column":53},"skip":true},"34":{"start":{"line":123,"column":8},"end":{"line":141,"column":11},"skip":true},"35":{"start":{"line":124,"column":12},"end":{"line":124,"column":54},"skip":true},"36":{"start":{"line":125,"column":12},"end":{"line":140,"column":14},"skip":true},"37":{"start":{"line":126,"column":16},"end":{"line":126,"column":28},"skip":true},"38":{"start":{"line":127,"column":16},"end":{"line":127,"column":69},"skip":true},"39":{"start":{"line":128,"column":16},"end":{"line":128,"column":75},"skip":true},"40":{"start":{"line":129,"column":16},"end":{"line":131,"column":17},"skip":true},"41":{"start":{"line":130,"column":20},"end":{"line":130,"column":27},"skip":true},"42":{"start":{"line":133,"column":16},"end":{"line":137,"column":36},"skip":true},"43":{"start":{"line":134,"column":20},"end":{"line":136,"column":55},"skip":true},"44":{"start":{"line":139,"column":16},"end":{"line":139,"column":57},"skip":true},"45":{"start":{"line":143,"column":8},"end":{"line":147,"column":11},"skip":true},"46":{"start":{"line":144,"column":12},"end":{"line":146,"column":15},"skip":true},"47":{"start":{"line":145,"column":16},"end":{"line":145,"column":70},"skip":true},"48":{"start":{"line":149,"column":8},"end":{"line":149,"column":31},"skip":true},"49":{"start":{"line":150,"column":8},"end":{"line":150,"column":14},"skip":true},"50":{"start":{"line":158,"column":8},"end":{"line":158,"column":31},"skip":true},"51":{"start":{"line":160,"column":8},"end":{"line":160,"column":33},"skip":true},"52":{"start":{"line":161,"column":8},"end":{"line":161,"column":37},"skip":true},"53":{"start":{"line":162,"column":8},"end":{"line":162,"column":35},"skip":true},"54":{"start":{"line":164,"column":8},"end":{"line":164,"column":50},"skip":true},"55":{"start":{"line":166,"column":8},"end":{"line":256,"column":2},"skip":true},"56":{"start":{"line":258,"column":8},"end":{"line":286,"column":9},"skip":true},"57":{"start":{"line":259,"column":12},"end":{"line":269,"column":14},"skip":true},"58":{"start":{"line":271,"column":12},"end":{"line":285,"column":19},"skip":true},"59":{"start":{"line":274,"column":20},"end":{"line":274,"column":35},"skip":true},"60":{"start":{"line":275,"column":20},"end":{"line":284,"column":21},"skip":true},"61":{"start":{"line":277,"column":24},"end":{"line":277,"column":64},"skip":true},"62":{"start":{"line":279,"column":24},"end":{"line":279,"column":40},"skip":true},"63":{"start":{"line":281,"column":24},"end":{"line":281,"column":40},"skip":true},"64":{"start":{"line":283,"column":24},"end":{"line":283,"column":39},"skip":true},"65":{"start":{"line":288,"column":8},"end":{"line":290,"column":9},"skip":true},"66":{"start":{"line":289,"column":12},"end":{"line":289,"column":18},"skip":true},"67":{"start":{"line":291,"column":8},"end":{"line":293,"column":54},"skip":true},"68":{"start":{"line":294,"column":8},"end":{"line":301,"column":37},"skip":true},"69":{"start":{"line":302,"column":8},"end":{"line":302,"column":82},"skip":true},"70":{"start":{"line":305,"column":8},"end":{"line":307,"column":9},"skip":true},"71":{"start":{"line":306,"column":12},"end":{"line":306,"column":82},"skip":true},"72":{"start":{"line":309,"column":8},"end":{"line":311,"column":9},"skip":true},"73":{"start":{"line":310,"column":12},"end":{"line":310,"column":18},"skip":true},"74":{"start":{"line":312,"column":8},"end":{"line":312,"column":54},"skip":true},"75":{"start":{"line":313,"column":8},"end":{"line":313,"column":69},"skip":true},"76":{"start":{"line":314,"column":8},"end":{"line":322,"column":36},"skip":true},"77":{"start":{"line":315,"column":12},"end":{"line":315,"column":61},"skip":true},"78":{"start":{"line":316,"column":12},"end":{"line":319,"column":13},"skip":true},"79":{"start":{"line":317,"column":16},"end":{"line":317,"column":75},"skip":true},"80":{"start":{"line":318,"column":16},"end":{"line":318,"column":23},"skip":true},"81":{"start":{"line":320,"column":12},"end":{"line":320,"column":38},"skip":true},"82":{"start":{"line":321,"column":12},"end":{"line":321,"column":27},"skip":true},"83":{"start":{"line":323,"column":8},"end":{"line":323,"column":14},"skip":true}},"branchMap":{"1":{"line":39,"type":"binary-expr","locations":[{"start":{"line":39,"column":23},"end":{"line":39,"column":62}},{"start":{"line":40,"column":20},"end":{"line":40,"column":70}},{"start":{"line":41,"column":20},"end":{"line":41,"column":71}},{"start":{"line":42,"column":20},"end":{"line":42,"column":29}}]},"2":{"line":44,"type":"binary-expr","locations":[{"start":{"line":44,"column":23},"end":{"line":44,"column":37}},{"start":{"line":45,"column":20},"end":{"line":45,"column":61}},{"start":{"line":46,"column":20},"end":{"line":46,"column":70}},{"start":{"line":47,"column":20},"end":{"line":47,"column":26}}]},"3":{"line":51,"type":"cond-expr","locations":[{"start":{"line":52,"column":14},"end":{"line":52,"column":20}},{"start":{"line":53,"column":14},"end":{"line":53,"column":20}}]},"4":{"line":55,"type":"binary-expr","locations":[{"start":{"line":55,"column":16},"end":{"line":55,"column":44}},{"start":{"line":55,"column":49},"end":{"line":57,"column":43}}]},"5":{"line":55,"type":"cond-expr","locations":[{"start":{"line":56,"column":14},"end":{"line":56,"column":53}},{"start":{"line":57,"column":14},"end":{"line":57,"column":43}}]},"6":{"line":61,"type":"switch","locations":[{"start":{"line":68,"column":4},"end":{"line":150,"column":14},"skip":true},{"start":{"line":156,"column":4},"end":{"line":323,"column":14},"skip":true}]},"7":{"line":70,"type":"if","locations":[{"start":{"line":70,"column":12},"end":{"line":70,"column":12},"skip":true},{"start":{"line":70,"column":12},"end":{"line":70,"column":12},"skip":true}]},"8":{"line":70,"type":"binary-expr","locations":[{"start":{"line":70,"column":16},"end":{"line":70,"column":22},"skip":true},{"start":{"line":70,"column":27},"end":{"line":70,"column":32},"skip":true},{"start":{"line":71,"column":20},"end":{"line":71,"column":39},"skip":true},{"start":{"line":72,"column":20},"end":{"line":72,"column":49},"skip":true},{"start":{"line":73,"column":20},"end":{"line":73,"column":58},"skip":true},{"start":{"line":74,"column":20},"end":{"line":74,"column":69},"skip":true}]},"9":{"line":79,"type":"switch","locations":[{"start":{"line":80,"column":20},"end":{"line":80,"column":33},"skip":true},{"start":{"line":81,"column":20},"end":{"line":83,"column":30},"skip":true},{"start":{"line":84,"column":20},"end":{"line":85,"column":49},"skip":true}]},"10":{"line":89,"type":"switch","locations":[{"start":{"line":90,"column":12},"end":{"line":103,"column":22},"skip":true},{"start":{"line":105,"column":12},"end":{"line":106,"column":22},"skip":true}]},"11":{"line":89,"type":"binary-expr","locations":[{"start":{"line":89,"column":20},"end":{"line":89,"column":25},"skip":true},{"start":{"line":89,"column":29},"end":{"line":89,"column":48},"skip":true},{"start":{"line":89,"column":52},"end":{"line":89,"column":74},"skip":true}]},"12":{"line":92,"type":"if","locations":[{"start":{"line":92,"column":16},"end":{"line":92,"column":16},"skip":true},{"start":{"line":92,"column":16},"end":{"line":92,"column":16},"skip":true}]},"13":{"line":108,"type":"if","locations":[{"start":{"line":108,"column":12},"end":{"line":108,"column":12},"skip":true},{"start":{"line":108,"column":12},"end":{"line":108,"column":12},"skip":true}]},"14":{"line":108,"type":"binary-expr","locations":[{"start":{"line":108,"column":16},"end":{"line":108,"column":61},"skip":true},{"start":{"line":108,"column":66},"end":{"line":108,"column":72},"skip":true},{"start":{"line":108,"column":77},"end":{"line":108,"column":82},"skip":true},{"start":{"line":109,"column":20},"end":{"line":109,"column":39},"skip":true},{"start":{"line":110,"column":20},"end":{"line":110,"column":49},"skip":true},{"start":{"line":111,"column":20},"end":{"line":111,"column":58},"skip":true},{"start":{"line":112,"column":20},"end":{"line":112,"column":68},"skip":true}]},"15":{"line":129,"type":"if","locations":[{"start":{"line":129,"column":16},"end":{"line":129,"column":16},"skip":true},{"start":{"line":129,"column":16},"end":{"line":129,"column":16},"skip":true}]},"16":{"line":134,"type":"cond-expr","locations":[{"start":{"line":135,"column":26},"end":{"line":135,"column":29},"skip":true},{"start":{"line":136,"column":26},"end":{"line":136,"column":54},"skip":true}]},"17":{"line":164,"type":"binary-expr","locations":[{"start":{"line":164,"column":27},"end":{"line":164,"column":43},"skip":true},{"start":{"line":164,"column":47},"end":{"line":164,"column":49},"skip":true}]},"18":{"line":258,"type":"if","locations":[{"start":{"line":258,"column":8},"end":{"line":258,"column":8},"skip":true},{"start":{"line":258,"column":8},"end":{"line":258,"column":8},"skip":true}]},"19":{"line":275,"type":"switch","locations":[{"start":{"line":276,"column":20},"end":{"line":277,"column":64},"skip":true},{"start":{"line":278,"column":20},"end":{"line":279,"column":40},"skip":true},{"start":{"line":280,"column":20},"end":{"line":281,"column":40},"skip":true},{"start":{"line":282,"column":20},"end":{"line":283,"column":39},"skip":true}]},"20":{"line":288,"type":"if","locations":[{"start":{"line":288,"column":8},"end":{"line":288,"column":8},"skip":true},{"start":{"line":288,"column":8},"end":{"line":288,"column":8},"skip":true}]},"21":{"line":288,"type":"binary-expr","locations":[{"start":{"line":288,"column":12},"end":{"line":288,"column":40},"skip":true},{"start":{"line":288,"column":44},"end":{"line":288,"column":67},"skip":true}]},"22":{"line":292,"type":"binary-expr","locations":[{"start":{"line":292,"column":12},"end":{"line":292,"column":50},"skip":true},{"start":{"line":293,"column":12},"end":{"line":293,"column":53},"skip":true}]},"23":{"line":295,"type":"binary-expr","locations":[{"start":{"line":295,"column":12},"end":{"line":295,"column":67},"skip":true},{"start":{"line":296,"column":12},"end":{"line":301,"column":36},"skip":true}]},"24":{"line":302,"type":"binary-expr","locations":[{"start":{"line":302,"column":43},"end":{"line":302,"column":75},"skip":true},{"start":{"line":302,"column":79},"end":{"line":302,"column":81},"skip":true}]},"25":{"line":305,"type":"if","locations":[{"start":{"line":305,"column":8},"end":{"line":305,"column":8},"skip":true},{"start":{"line":305,"column":8},"end":{"line":305,"column":8},"skip":true}]},"26":{"line":309,"type":"if","locations":[{"start":{"line":309,"column":8},"end":{"line":309,"column":8},"skip":true},{"start":{"line":309,"column":8},"end":{"line":309,"column":8},"skip":true}]},"27":{"line":312,"type":"binary-expr","locations":[{"start":{"line":312,"column":27},"end":{"line":312,"column":43},"skip":true},{"start":{"line":312,"column":47},"end":{"line":312,"column":53},"skip":true}]},"28":{"line":316,"type":"if","locations":[{"start":{"line":316,"column":12},"end":{"line":316,"column":12},"skip":true},{"start":{"line":316,"column":12},"end":{"line":316,"column":12},"skip":true}]}},"code":["/*","example.js","","quickstart example","","instruction","    1. save this script as example.js","    2. run the shell command:","        $ npm install npmtest-dockerode && PORT=8081 node example.js","    3. play with the browser-demo on http://127.0.0.1:8081","*/","","","","/* istanbul instrument in package npmtest_dockerode */","/*jslint","    bitwise: true,","    browser: true,","    maxerr: 8,","    maxlen: 96,","    node: true,","    nomen: true,","    regexp: true,","    stupid: true","*/","(function () {","    'use strict';","    var local;","","","","    // run shared js-env code - pre-init","    (function () {","        // init local","        local = {};","        // init modeJs","        local.modeJs = (function () {","            try {","                return typeof navigator.userAgent === 'string' &&","                    typeof document.querySelector('body') === 'object' &&","                    typeof XMLHttpRequest.prototype.open === 'function' &&","                    'browser';","            } catch (errorCaughtBrowser) {","                return module.exports &&","                    typeof process.versions.node === 'string' &&","                    typeof require('http').createServer === 'function' &&","                    'node';","            }","        }());","        // init global","        local.global = local.modeJs === 'browser'","            ? window","            : global;","        // init utility2_rollup","        local = local.global.utility2_rollup || (local.modeJs === 'browser'","            ? local.global.utility2_npmtest_dockerode","            : global.utility2_moduleExports);","        // export local","        local.global.local = local;","    }());","    switch (local.modeJs) {","","","","    // post-init","    // run browser js-env code - post-init","    /* istanbul ignore next */","    case 'browser':","        local.testRunBrowser = function (event) {","            if (!event || (event &&","                    event.currentTarget &&","                    event.currentTarget.className &&","                    event.currentTarget.className.includes &&","                    event.currentTarget.className.includes('onreset'))) {","                // reset output","                Array.from(","                    document.querySelectorAll('body > .resettable')","                ).forEach(function (element) {","                    switch (element.tagName) {","                    case 'INPUT':","                    case 'TEXTAREA':","                        element.value = '';","                        break;","                    default:","                        element.textContent = '';","                    }","                });","            }","            switch (event && event.currentTarget && event.currentTarget.id) {","            case 'testRunButton1':","                // show tests","                if (document.querySelector('#testReportDiv1').style.display === 'none') {","                    document.querySelector('#testReportDiv1').style.display = 'block';","                    document.querySelector('#testRunButton1').textContent =","                        'hide internal test';","                    local.modeTest = true;","                    local.testRunDefault(local);","                // hide tests","                } else {","                    document.querySelector('#testReportDiv1').style.display = 'none';","                    document.querySelector('#testRunButton1').textContent = 'run internal test';","                }","                break;","            // custom-case","            default:","                break;","            }","            if (document.querySelector('#inputTextareaEval1') && (!event || (event &&","                    event.currentTarget &&","                    event.currentTarget.className &&","                    event.currentTarget.className.includes &&","                    event.currentTarget.className.includes('oneval')))) {","                // try to eval input-code","                try {","                    /*jslint evil: true*/","                    eval(document.querySelector('#inputTextareaEval1').value);","                } catch (errorCaught) {","                    console.error(errorCaught.stack);","                }","            }","        };","        // log stderr and stdout to #outputTextareaStdout1","        ['error', 'log'].forEach(function (key) {","            console[key + '_original'] = console[key];","            console[key] = function () {","                var element;","                console[key + '_original'].apply(console, arguments);","                element = document.querySelector('#outputTextareaStdout1');","                if (!element) {","                    return;","                }","                // append text to #outputTextareaStdout1","                element.value += Array.from(arguments).map(function (arg) {","                    return typeof arg === 'string'","                        ? arg","                        : JSON.stringify(arg, null, 4);","                }).join(' ') + '\\n';","                // scroll textarea to bottom","                element.scrollTop = element.scrollHeight;","            };","        });","        // init event-handling","        ['change', 'click', 'keyup'].forEach(function (event) {","            Array.from(document.querySelectorAll('.on' + event)).forEach(function (element) {","                element.addEventListener(event, local.testRunBrowser);","            });","        });","        // run tests","        local.testRunBrowser();","        break;","","","","    // run node js-env code - post-init","    /* istanbul ignore next */","    case 'node':","        // export local","        module.exports = local;","        // require modules","        local.fs = require('fs');","        local.http = require('http');","        local.url = require('url');","        // init assets","        local.assetsDict = local.assetsDict || {};","        /* jslint-ignore-begin */","        local.assetsDict['/assets.index.template.html'] = '\\","<!doctype html>\\n\\","<html lang=\"en\">\\n\\","<head>\\n\\","<meta charset=\"UTF-8\">\\n\\","<meta name=\"viewport\" content=\"width=device-width, initial-scale=1\">\\n\\","<title>{{env.npm_package_name}} (v{{env.npm_package_version}})</title>\\n\\","<style>\\n\\","/*csslint\\n\\","    box-sizing: false,\\n\\","    universal-selector: false\\n\\","*/\\n\\","* {\\n\\","    box-sizing: border-box;\\n\\","}\\n\\","body {\\n\\","    background: #dde;\\n\\","    font-family: Arial, Helvetica, sans-serif;\\n\\","    margin: 2rem;\\n\\","}\\n\\","body > * {\\n\\","    margin-bottom: 1rem;\\n\\","}\\n\\",".utility2FooterDiv {\\n\\","    margin-top: 20px;\\n\\","    text-align: center;\\n\\","}\\n\\","</style>\\n\\","<style>\\n\\","/*csslint\\n\\","*/\\n\\","textarea {\\n\\","    font-family: monospace;\\n\\","    height: 10rem;\\n\\","    width: 100%;\\n\\","}\\n\\","textarea[readonly] {\\n\\","    background: #ddd;\\n\\","}\\n\\","</style>\\n\\","</head>\\n\\","<body>\\n\\","<!-- utility2-comment\\n\\","<div id=\"ajaxProgressDiv1\" style=\"background: #d00; height: 2px; left: 0; margin: 0; padding: 0; position: fixed; top: 0; transition: background 0.5s, width 1.5s; width: 25%;\"></div>\\n\\","utility2-comment -->\\n\\","<h1>\\n\\","<!-- utility2-comment\\n\\","    <a\\n\\","        {{#if env.npm_package_homepage}}\\n\\","        href=\"{{env.npm_package_homepage}}\"\\n\\","        {{/if env.npm_package_homepage}}\\n\\","        target=\"_blank\"\\n\\","    >\\n\\","utility2-comment -->\\n\\","        {{env.npm_package_name}} (v{{env.npm_package_version}})\\n\\","<!-- utility2-comment\\n\\","    </a>\\n\\","utility2-comment -->\\n\\","</h1>\\n\\","<h3>{{env.npm_package_description}}</h3>\\n\\","<!-- utility2-comment\\n\\","<h4><a download href=\"assets.app.js\">download standalone app</a></h4>\\n\\","<button class=\"onclick onreset\" id=\"testRunButton1\">run internal test</button><br>\\n\\","<div id=\"testReportDiv1\" style=\"display: none;\"></div>\\n\\","utility2-comment -->\\n\\","\\n\\","\\n\\","\\n\\","<label>stderr and stdout</label>\\n\\","<textarea class=\"resettable\" id=\"outputTextareaStdout1\" readonly></textarea>\\n\\","<!-- utility2-comment\\n\\","{{#if isRollup}}\\n\\","<script src=\"assets.app.js\"></script>\\n\\","{{#unless isRollup}}\\n\\","utility2-comment -->\\n\\","<script src=\"assets.utility2.rollup.js\"></script>\\n\\","<script src=\"jsonp.utility2._stateInit?callback=window.utility2._stateInit\"></script>\\n\\","<script src=\"assets.npmtest_dockerode.rollup.js\"></script>\\n\\","<script src=\"assets.example.js\"></script>\\n\\","<script src=\"assets.test.js\"></script>\\n\\","<!-- utility2-comment\\n\\","{{/if isRollup}}\\n\\","utility2-comment -->\\n\\","<div class=\"utility2FooterDiv\">\\n\\","    [ this app was created with\\n\\","    <a href=\"https://github.com/kaizhu256/node-utility2\" target=\"_blank\">utility2</a>\\n\\","    ]\\n\\","</div>\\n\\","</body>\\n\\","</html>\\n\\","';","        /* jslint-ignore-end */","        if (local.templateRender) {","            local.assetsDict['/'] = local.templateRender(","                local.assetsDict['/assets.index.template.html'],","                {","                    env: local.objectSetDefault(local.env, {","                        npm_package_description: 'the greatest app in the world!',","                        npm_package_name: 'my-app',","                        npm_package_nameAlias: 'my_app',","                        npm_package_version: '0.0.1'","                    })","                }","            );","        } else {","            local.assetsDict['/'] = local.assetsDict['/assets.index.template.html']","                .replace((/\\{\\{env\\.(\\w+?)\\}\\}/g), function (match0, match1) {","                    // jslint-hack","                    String(match0);","                    switch (match1) {","                    case 'npm_package_description':","                        return 'the greatest app in the world!';","                    case 'npm_package_name':","                        return 'my-app';","                    case 'npm_package_nameAlias':","                        return 'my_app';","                    case 'npm_package_version':","                        return '0.0.1';","                    }","                });","        }","        // run the cli","        if (local.global.utility2_rollup || module !== require.main) {","            break;","        }","        local.assetsDict['/assets.example.js'] =","            local.assetsDict['/assets.example.js'] ||","            local.fs.readFileSync(__filename, 'utf8');","        local.assetsDict['/assets.npmtest_dockerode.rollup.js'] =","            local.assetsDict['/assets.npmtest_dockerode.rollup.js'] ||","            local.fs.readFileSync(","                // buildCustomOrg-hack","                local.npmtest_dockerode.__dirname +","                    '/lib.npmtest_dockerode.js',","                'utf8'","            ).replace((/^#!/), '//');","        local.assetsDict['/favicon.ico'] = local.assetsDict['/favicon.ico'] || '';","        // if $npm_config_timeout_exit exists,","        // then exit this process after $npm_config_timeout_exit ms","        if (Number(process.env.npm_config_timeout_exit)) {","            setTimeout(process.exit, Number(process.env.npm_config_timeout_exit));","        }","        // start server","        if (local.global.utility2_serverHttp1) {","            break;","        }","        process.env.PORT = process.env.PORT || '8081';","        console.error('server starting on port ' + process.env.PORT);","        local.http.createServer(function (request, response) {","            request.urlParsed = local.url.parse(request.url);","            if (local.assetsDict[request.urlParsed.pathname] !== undefined) {","                response.end(local.assetsDict[request.urlParsed.pathname]);","                return;","            }","            response.statusCode = 404;","            response.end();","        }).listen(process.env.PORT);","        break;","    }","}());",""],"l":{"26":2,"28":2,"33":2,"35":2,"37":2,"38":2,"39":2,"44":1,"51":2,"55":2,"59":2,"61":2,"69":1,"70":2,"76":2,"79":2,"82":2,"83":2,"85":1,"89":2,"92":1,"93":1,"94":1,"96":1,"97":1,"100":1,"101":1,"103":1,"106":1,"108":2,"114":1,"116":1,"118":1,"123":1,"124":2,"125":2,"126":2,"127":2,"128":2,"129":2,"130":1,"133":2,"134":2,"139":2,"143":1,"144":3,"145":1,"149":1,"150":1,"158":1,"160":1,"161":1,"162":1,"164":1,"166":1,"258":1,"259":1,"271":1,"274":6,"275":6,"277":1,"279":2,"281":1,"283":2,"288":1,"289":1,"291":1,"294":1,"302":1,"305":1,"306":1,"309":1,"310":1,"312":1,"313":1,"314":1,"315":1,"316":1,"317":1,"318":1,"320":1,"321":1,"323":1}},"/home/travis/build/npmtest/node-npmtest-dockerode/dockerode/lib/docker.js":{"path":"/home/travis/build/npmtest/node-npmtest-dockerode/dockerode/lib/docker.js","s":{"1":1,"2":1,"3":0,"4":0,"5":0,"6":0,"7":0,"8":0,"9":0,"10":0,"11":0,"12":1,"13":0,"14":0,"15":0,"16":0,"17":0,"18":0,"19":0,"20":0,"21":0,"22":0,"23":0,"24":0,"25":0,"26":1,"27":0,"28":0,"29":0,"30":0,"31":0,"32":0,"33":0,"34":0,"35":0,"36":0,"37":0,"38":0,"39":0,"40":0,"41":0,"42":0,"43":0,"44":1,"45":0,"46":0,"47":0,"48":0,"49":0,"50":0,"51":0,"52":0,"53":0,"54":0,"55":0,"56":0,"57":0,"58":1,"59":0,"60":0,"61":0,"62":0,"63":0,"64":0,"65":0,"66":0,"67":0,"68":0,"69":0,"70":0,"71":0,"72":0,"73":1,"74":0,"75":0,"76":0,"77":0,"78":0,"79":0,"80":0,"81":0,"82":0,"83":0,"84":1,"85":0,"86":0,"87":0,"88":0,"89":0,"90":0,"91":1,"92":0,"93":0,"94":0,"95":0,"96":0,"97":0,"98":0,"99":0,"100":0,"101":0,"102":0,"103":0,"104":0,"105":0,"106":0,"107":0,"108":0,"109":0,"110":0,"111":0,"112":0,"113":0,"114":0,"115":1,"116":0,"117":1,"118":0,"119":1,"120":0,"121":1,"122":0,"123":1,"124":0,"125":1,"126":0,"127":1,"128":0,"129":1,"130":0,"131":1,"132":0,"133":1,"134":0,"135":1,"136":0,"137":0,"138":0,"139":0,"140":0,"141":0,"142":0,"143":0,"144":0,"145":0,"146":0,"147":1,"148":0,"149":0,"150":0,"151":0,"152":0,"153":0,"154":0,"155":0,"156":0,"157":0,"158":0,"159":1,"160":0,"161":0,"162":0,"163":0,"164":0,"165":0,"166":0,"167":0,"168":0,"169":0,"170":0,"171":1,"172":0,"173":0,"174":0,"175":0,"176":0,"177":0,"178":0,"179":0,"180":0,"181":0,"182":1,"183":0,"184":0,"185":0,"186":0,"187":0,"188":0,"189":0,"190":0,"191":0,"192":0,"193":0,"194":1,"195":0,"196":0,"197":0,"198":0,"199":0,"200":0,"201":0,"202":0,"203":0,"204":0,"205":0,"206":0,"207":0,"208":1,"209":0,"210":0,"211":0,"212":0,"213":0,"214":0,"215":0,"216":0,"217":0,"218":0,"219":0,"220":1,"221":0,"222":0,"223":0,"224":0,"225":0,"226":0,"227":0,"228":0,"229":0,"230":0,"231":0,"232":0,"233":0,"234":1,"235":0,"236":0,"237":0,"238":0,"239":0,"240":0,"241":0,"242":0,"243":0,"244":0,"245":0,"246":1,"247":0,"248":0,"249":0,"250":0,"251":0,"252":0,"253":0,"254":0,"255":0,"256":0,"257":0,"258":1,"259":0,"260":0,"261":0,"262":0,"263":0,"264":0,"265":0,"266":0,"267":0,"268":0,"269":0,"270":1,"271":0,"272":0,"273":0,"274":0,"275":0,"276":0,"277":0,"278":0,"279":0,"280":0,"281":0,"282":1,"283":0,"284":0,"285":0,"286":0,"287":0,"288":0,"289":0,"290":0,"291":0,"292":0,"293":0,"294":1,"295":0,"296":0,"297":0,"298":0,"299":0,"300":0,"301":0,"302":0,"303":0,"304":0,"305":0,"306":0,"307":0,"308":1,"309":0,"310":0,"311":0,"312":0,"313":0,"314":0,"315":0,"316":0,"317":0,"318":0,"319":0,"320":0,"321":0,"322":0,"323":0,"324":0,"325":0,"326":0,"327":1,"328":0,"329":0,"330":0,"331":0,"332":0,"333":0,"334":0,"335":0,"336":0,"337":0,"338":0,"339":1,"340":0,"341":0,"342":0,"343":0,"344":0,"345":0,"346":0,"347":0,"348":0,"349":0,"350":0,"351":0,"352":0,"353":1,"354":0,"355":0,"356":0,"357":0,"358":0,"359":0,"360":0,"361":0,"362":0,"363":0,"364":0,"365":1,"366":0,"367":0,"368":0,"369":0,"370":0,"371":0,"372":0,"373":0,"374":0,"375":0,"376":1,"377":0,"378":0,"379":0,"380":0,"381":0,"382":0,"383":0,"384":0,"385":0,"386":0,"387":1,"388":0,"389":0,"390":0,"391":0,"392":0,"393":0,"394":0,"395":0,"396":0,"397":0,"398":1,"399":0,"400":0,"401":0,"402":0,"403":0,"404":0,"405":0,"406":0,"407":0,"408":0,"409":1,"410":0,"411":0,"412":0,"413":0,"414":0,"415":0,"416":0,"417":0,"418":0,"419":0,"420":0,"421":1,"422":0,"423":0,"424":0,"425":0,"426":0,"427":0,"428":0,"429":0,"430":1,"431":0,"432":0,"433":0,"434":1,"435":0,"436":0,"437":0,"438":0,"439":0,"440":0,"441":0,"442":0,"443":1,"444":0,"445":0,"446":0,"447":0,"448":0,"449":0,"450":0,"451":0,"452":0,"453":0,"454":0,"455":0,"456":0,"457":0,"458":0,"459":0,"460":0,"461":0,"462":0,"463":0,"464":0,"465":0,"466":0,"467":0,"468":0,"469":0,"470":0,"471":0,"472":1,"473":0,"474":0,"475":0,"476":0,"477":0,"478":0,"479":0,"480":0,"481":0,"482":0,"483":0,"484":0,"485":0,"486":0,"487":0,"488":0,"489":0,"490":0,"491":0,"492":0,"493":0,"494":0,"495":0,"496":0,"497":0,"498":1,"499":0,"500":0,"501":0,"502":0,"503":0,"504":0,"505":0,"506":0,"507":0,"508":0,"509":0,"510":1,"511":0,"512":0,"513":0,"514":0,"515":0,"516":0,"517":0,"518":0,"519":0,"520":0,"521":0,"522":1,"523":0,"524":0,"525":0,"526":0,"527":0,"528":0,"529":0,"530":0,"531":0,"532":0,"533":0,"534":1,"535":0,"536":0,"537":0,"538":0,"539":0,"540":0,"541":0,"542":0,"543":0,"544":0,"545":0,"546":1,"547":0,"548":0,"549":0,"550":0,"551":0,"552":0,"553":0,"554":0,"555":0,"556":0,"557":1,"558":1,"559":1,"560":1,"561":1,"562":1,"563":1,"564":1,"565":1,"566":1,"567":1},"b":{"1":[0,0],"2":[0,0],"3":[0,0],"4":[0,0],"5":[0,0],"6":[0,0],"7":[0,0],"8":[0,0],"9":[0,0],"10":[0,0],"11":[0,0],"12":[0,0],"13":[0,0],"14":[0,0],"15":[0,0],"16":[0,0],"17":[0,0],"18":[0,0],"19":[0,0],"20":[0,0],"21":[0,0],"22":[0,0],"23":[0,0],"24":[0,0],"25":[0,0],"26":[0,0],"27":[0,0],"28":[0,0],"29":[0,0],"30":[0,0],"31":[0,0],"32":[0,0],"33":[0,0],"34":[0,0],"35":[0,0],"36":[0,0],"37":[0,0],"38":[0,0],"39":[0,0],"40":[0,0],"41":[0,0],"42":[0,0],"43":[0,0],"44":[0,0],"45":[0,0],"46":[0,0],"47":[0,0],"48":[0,0],"49":[0,0],"50":[0,0],"51":[0,0],"52":[0,0],"53":[0,0],"54":[0,0],"55":[0,0],"56":[0,0],"57":[0,0],"58":[0,0],"59":[0,0],"60":[0,0],"61":[0,0],"62":[0,0],"63":[0,0],"64":[0,0],"65":[0,0],"66":[0,0],"67":[0,0],"68":[0,0],"69":[0,0],"70":[0,0],"71":[0,0],"72":[0,0],"73":[0,0],"74":[0,0],"75":[0,0],"76":[0,0],"77":[0,0],"78":[0,0],"79":[0,0],"80":[0,0],"81":[0,0],"82":[0,0],"83":[0,0],"84":[0,0],"85":[0,0],"86":[0,0],"87":[0,0],"88":[0,0],"89":[0,0],"90":[0,0],"91":[0,0],"92":[0,0],"93":[0,0],"94":[0,0],"95":[0,0],"96":[0,0],"97":[0,0],"98":[0,0],"99":[0,0],"100":[0,0],"101":[0,0],"102":[0,0],"103":[0,0],"104":[0,0],"105":[0,0],"106":[0,0],"107":[0,0],"108":[0,0],"109":[0,0],"110":[0,0],"111":[0,0],"112":[0,0],"113":[0,0],"114":[0,0],"115":[0,0]},"f":{"1":0,"2":0,"3":0,"4":0,"5":0,"6":0,"7":0,"8":0,"9":0,"10":0,"11":0,"12":0,"13":0,"14":0,"15":0,"16":0,"17":0,"18":0,"19":0,"20":0,"21":0,"22":0,"23":0,"24":0,"25":0,"26":0,"27":0,"28":0,"29":0,"30":0,"31":0,"32":0,"33":0,"34":0,"35":0,"36":0,"37":0,"38":0,"39":0,"40":0,"41":0,"42":0,"43":0,"44":0,"45":0,"46":0,"47":0,"48":0,"49":0,"50":0,"51":0,"52":0,"53":0,"54":0,"55":0,"56":0,"57":0,"58":0,"59":0,"60":0,"61":0,"62":0,"63":0,"64":0,"65":0,"66":0,"67":0,"68":0,"69":0,"70":0,"71":0,"72":0,"73":0,"74":0,"75":0,"76":0,"77":0,"78":0,"79":0,"80":0,"81":0,"82":0,"83":0,"84":0,"85":0,"86":0,"87":0,"88":0,"89":0,"90":0,"91":0,"92":0,"93":0,"94":0,"95":0,"96":0,"97":0,"98":0,"99":0,"100":0,"101":0,"102":0,"103":0,"104":0,"105":0,"106":0,"107":0,"108":0,"109":0,"110":0,"111":0,"112":0,"113":0,"114":0,"115":0,"116":0,"117":0,"118":0,"119":0,"120":0,"121":0,"122":0,"123":0,"124":0,"125":0,"126":0,"127":0,"128":0,"129":0,"130":0,"131":0,"132":0,"133":0,"134":0,"135":0,"136":0,"137":0,"138":0,"139":0,"140":0,"141":0,"142":0,"143":0,"144":0,"145":0,"146":0,"147":0,"148":0,"149":0,"150":0,"151":0,"152":0,"153":0,"154":0,"155":0,"156":0,"157":0,"158":0,"159":0,"160":0,"161":0,"162":0,"163":0,"164":0,"165":0},"fnMap":{"1":{"name":"(anonymous_1)","line":21,"loc":{"start":{"line":21,"column":13},"end":{"line":21,"column":28}}},"2":{"name":"(anonymous_2)","line":43,"loc":{"start":{"line":43,"column":35},"end":{"line":43,"column":60}}},"3":{"name":"(anonymous_3)","line":62,"loc":{"start":{"line":62,"column":34},"end":{"line":62,"column":60}}},"4":{"name":"(anonymous_4)","line":63,"loc":{"start":{"line":63,"column":29},"end":{"line":63,"column":49}}},"5":{"name":"(anonymous_5)","line":71,"loc":{"start":{"line":71,"column":27},"end":{"line":71,"column":47}}},"6":{"name":"(anonymous_6)","line":84,"loc":{"start":{"line":84,"column":31},"end":{"line":84,"column":62}}},"7":{"name":"(anonymous_7)","line":108,"loc":{"start":{"line":108,"column":34},"end":{"line":108,"column":60}}},"8":{"name":"(anonymous_8)","line":109,"loc":{"start":{"line":109,"column":29},"end":{"line":109,"column":49}}},"9":{"name":"(anonymous_9)","line":117,"loc":{"start":{"line":117,"column":27},"end":{"line":117,"column":47}}},"10":{"name":"(anonymous_10)","line":129,"loc":{"start":{"line":129,"column":29},"end":{"line":129,"column":60}}},"11":{"name":"(anonymous_11)","line":149,"loc":{"start":{"line":149,"column":34},"end":{"line":149,"column":60}}},"12":{"name":"(anonymous_12)","line":150,"loc":{"start":{"line":150,"column":29},"end":{"line":150,"column":49}}},"13":{"name":"(anonymous_13)","line":158,"loc":{"start":{"line":158,"column":27},"end":{"line":158,"column":47}}},"14":{"name":"(anonymous_14)","line":170,"loc":{"start":{"line":170,"column":31},"end":{"line":170,"column":62}}},"15":{"name":"(anonymous_15)","line":192,"loc":{"start":{"line":192,"column":34},"end":{"line":192,"column":60}}},"16":{"name":"(anonymous_16)","line":193,"loc":{"start":{"line":193,"column":29},"end":{"line":193,"column":49}}},"17":{"name":"(anonymous_17)","line":201,"loc":{"start":{"line":201,"column":27},"end":{"line":201,"column":47}}},"18":{"name":"(anonymous_18)","line":212,"loc":{"start":{"line":212,"column":29},"end":{"line":212,"column":54}}},"19":{"name":"(anonymous_19)","line":226,"loc":{"start":{"line":226,"column":34},"end":{"line":226,"column":60}}},"20":{"name":"(anonymous_20)","line":227,"loc":{"start":{"line":227,"column":29},"end":{"line":227,"column":49}}},"21":{"name":"(anonymous_21)","line":235,"loc":{"start":{"line":235,"column":27},"end":{"line":235,"column":47}}},"22":{"name":"(anonymous_22)","line":247,"loc":{"start":{"line":247,"column":30},"end":{"line":247,"column":61}}},"23":{"name":"build","line":257,"loc":{"start":{"line":257,"column":2},"end":{"line":257,"column":23}}},"24":{"name":"(anonymous_24)","line":284,"loc":{"start":{"line":284,"column":36},"end":{"line":284,"column":62}}},"25":{"name":"(anonymous_25)","line":285,"loc":{"start":{"line":285,"column":31},"end":{"line":285,"column":51}}},"26":{"name":"(anonymous_26)","line":293,"loc":{"start":{"line":293,"column":29},"end":{"line":293,"column":49}}},"27":{"name":"(anonymous_27)","line":300,"loc":{"start":{"line":300,"column":21},"end":{"line":300,"column":40}}},"28":{"name":"(anonymous_28)","line":317,"loc":{"start":{"line":317,"column":32},"end":{"line":317,"column":45}}},"29":{"name":"(anonymous_29)","line":325,"loc":{"start":{"line":325,"column":28},"end":{"line":325,"column":43}}},"30":{"name":"(anonymous_30)","line":333,"loc":{"start":{"line":333,"column":29},"end":{"line":333,"column":44}}},"31":{"name":"(anonymous_31)","line":341,"loc":{"start":{"line":341,"column":29},"end":{"line":341,"column":52}}},"32":{"name":"(anonymous_32)","line":349,"loc":{"start":{"line":349,"column":30},"end":{"line":349,"column":43}}},"33":{"name":"(anonymous_33)","line":357,"loc":{"start":{"line":357,"column":27},"end":{"line":357,"column":40}}},"34":{"name":"(anonymous_34)","line":365,"loc":{"start":{"line":365,"column":27},"end":{"line":365,"column":40}}},"35":{"name":"(anonymous_35)","line":373,"loc":{"start":{"line":373,"column":30},"end":{"line":373,"column":43}}},"36":{"name":"(anonymous_36)","line":381,"loc":{"start":{"line":381,"column":29},"end":{"line":381,"column":42}}},"37":{"name":"(anonymous_37)","line":389,"loc":{"start":{"line":389,"column":27},"end":{"line":389,"column":40}}},"38":{"name":"(anonymous_38)","line":398,"loc":{"start":{"line":398,"column":34},"end":{"line":398,"column":59}}},"39":{"name":"(anonymous_39)","line":414,"loc":{"start":{"line":414,"column":34},"end":{"line":414,"column":60}}},"40":{"name":"(anonymous_40)","line":415,"loc":{"start":{"line":415,"column":29},"end":{"line":415,"column":49}}},"41":{"name":"(anonymous_41)","line":423,"loc":{"start":{"line":423,"column":27},"end":{"line":423,"column":47}}},"42":{"name":"(anonymous_42)","line":434,"loc":{"start":{"line":434,"column":30},"end":{"line":434,"column":55}}},"43":{"name":"(anonymous_43)","line":450,"loc":{"start":{"line":450,"column":34},"end":{"line":450,"column":60}}},"44":{"name":"(anonymous_44)","line":451,"loc":{"start":{"line":451,"column":29},"end":{"line":451,"column":49}}},"45":{"name":"(anonymous_45)","line":459,"loc":{"start":{"line":459,"column":27},"end":{"line":459,"column":47}}},"46":{"name":"(anonymous_46)","line":469,"loc":{"start":{"line":469,"column":32},"end":{"line":469,"column":57}}},"47":{"name":"(anonymous_47)","line":484,"loc":{"start":{"line":484,"column":34},"end":{"line":484,"column":60}}},"48":{"name":"(anonymous_48)","line":485,"loc":{"start":{"line":485,"column":29},"end":{"line":485,"column":49}}},"49":{"name":"(anonymous_49)","line":493,"loc":{"start":{"line":493,"column":27},"end":{"line":493,"column":47}}},"50":{"name":"(anonymous_50)","line":503,"loc":{"start":{"line":503,"column":29},"end":{"line":503,"column":48}}},"51":{"name":"(anonymous_51)","line":515,"loc":{"start":{"line":515,"column":34},"end":{"line":515,"column":60}}},"52":{"name":"(anonymous_52)","line":516,"loc":{"start":{"line":516,"column":29},"end":{"line":516,"column":49}}},"53":{"name":"(anonymous_53)","line":524,"loc":{"start":{"line":524,"column":27},"end":{"line":524,"column":47}}},"54":{"name":"(anonymous_54)","line":534,"loc":{"start":{"line":534,"column":29},"end":{"line":534,"column":54}}},"55":{"name":"(anonymous_55)","line":549,"loc":{"start":{"line":549,"column":34},"end":{"line":549,"column":60}}},"56":{"name":"(anonymous_56)","line":550,"loc":{"start":{"line":550,"column":29},"end":{"line":550,"column":49}}},"57":{"name":"(anonymous_57)","line":558,"loc":{"start":{"line":558,"column":27},"end":{"line":558,"column":47}}},"58":{"name":"(anonymous_58)","line":569,"loc":{"start":{"line":569,"column":32},"end":{"line":569,"column":57}}},"59":{"name":"(anonymous_59)","line":587,"loc":{"start":{"line":587,"column":34},"end":{"line":587,"column":60}}},"60":{"name":"(anonymous_60)","line":588,"loc":{"start":{"line":588,"column":29},"end":{"line":588,"column":49}}},"61":{"name":"(anonymous_61)","line":596,"loc":{"start":{"line":596,"column":27},"end":{"line":596,"column":47}}},"62":{"name":"(anonymous_62)","line":607,"loc":{"start":{"line":607,"column":31},"end":{"line":607,"column":56}}},"63":{"name":"(anonymous_63)","line":622,"loc":{"start":{"line":622,"column":34},"end":{"line":622,"column":60}}},"64":{"name":"(anonymous_64)","line":623,"loc":{"start":{"line":623,"column":29},"end":{"line":623,"column":49}}},"65":{"name":"(anonymous_65)","line":631,"loc":{"start":{"line":631,"column":27},"end":{"line":631,"column":47}}},"66":{"name":"(anonymous_66)","line":642,"loc":{"start":{"line":642,"column":32},"end":{"line":642,"column":57}}},"67":{"name":"(anonymous_67)","line":658,"loc":{"start":{"line":658,"column":34},"end":{"line":658,"column":60}}},"68":{"name":"(anonymous_68)","line":659,"loc":{"start":{"line":659,"column":29},"end":{"line":659,"column":49}}},"69":{"name":"(anonymous_69)","line":667,"loc":{"start":{"line":667,"column":27},"end":{"line":667,"column":47}}},"70":{"name":"(anonymous_70)","line":679,"loc":{"start":{"line":679,"column":31},"end":{"line":679,"column":56}}},"71":{"name":"(anonymous_71)","line":694,"loc":{"start":{"line":694,"column":34},"end":{"line":694,"column":60}}},"72":{"name":"(anonymous_72)","line":695,"loc":{"start":{"line":695,"column":29},"end":{"line":695,"column":49}}},"73":{"name":"(anonymous_73)","line":703,"loc":{"start":{"line":703,"column":27},"end":{"line":703,"column":47}}},"74":{"name":"(anonymous_74)","line":714,"loc":{"start":{"line":714,"column":31},"end":{"line":714,"column":56}}},"75":{"name":"(anonymous_75)","line":729,"loc":{"start":{"line":729,"column":34},"end":{"line":729,"column":60}}},"76":{"name":"(anonymous_76)","line":730,"loc":{"start":{"line":730,"column":29},"end":{"line":730,"column":49}}},"77":{"name":"(anonymous_77)","line":738,"loc":{"start":{"line":738,"column":27},"end":{"line":738,"column":47}}},"78":{"name":"(anonymous_78)","line":749,"loc":{"start":{"line":749,"column":35},"end":{"line":749,"column":60}}},"79":{"name":"(anonymous_79)","line":764,"loc":{"start":{"line":764,"column":34},"end":{"line":764,"column":60}}},"80":{"name":"(anonymous_80)","line":765,"loc":{"start":{"line":765,"column":29},"end":{"line":765,"column":49}}},"81":{"name":"(anonymous_81)","line":773,"loc":{"start":{"line":773,"column":27},"end":{"line":773,"column":47}}},"82":{"name":"(anonymous_82)","line":784,"loc":{"start":{"line":784,"column":32},"end":{"line":784,"column":57}}},"83":{"name":"(anonymous_83)","line":799,"loc":{"start":{"line":799,"column":34},"end":{"line":799,"column":60}}},"84":{"name":"(anonymous_84)","line":800,"loc":{"start":{"line":800,"column":29},"end":{"line":800,"column":49}}},"85":{"name":"(anonymous_85)","line":808,"loc":{"start":{"line":808,"column":27},"end":{"line":808,"column":47}}},"86":{"name":"(anonymous_86)","line":819,"loc":{"start":{"line":819,"column":33},"end":{"line":819,"column":58}}},"87":{"name":"(anonymous_87)","line":834,"loc":{"start":{"line":834,"column":34},"end":{"line":834,"column":60}}},"88":{"name":"(anonymous_88)","line":835,"loc":{"start":{"line":835,"column":29},"end":{"line":835,"column":49}}},"89":{"name":"(anonymous_89)","line":843,"loc":{"start":{"line":843,"column":27},"end":{"line":843,"column":47}}},"90":{"name":"(anonymous_90)","line":855,"loc":{"start":{"line":855,"column":32},"end":{"line":855,"column":57}}},"91":{"name":"(anonymous_91)","line":871,"loc":{"start":{"line":871,"column":34},"end":{"line":871,"column":60}}},"92":{"name":"(anonymous_92)","line":872,"loc":{"start":{"line":872,"column":29},"end":{"line":872,"column":49}}},"93":{"name":"(anonymous_93)","line":880,"loc":{"start":{"line":880,"column":27},"end":{"line":880,"column":47}}},"94":{"name":"(anonymous_94)","line":892,"loc":{"start":{"line":892,"column":33},"end":{"line":892,"column":64}}},"95":{"name":"(anonymous_95)","line":917,"loc":{"start":{"line":917,"column":34},"end":{"line":917,"column":60}}},"96":{"name":"(anonymous_96)","line":918,"loc":{"start":{"line":918,"column":29},"end":{"line":918,"column":49}}},"97":{"name":"(anonymous_97)","line":926,"loc":{"start":{"line":926,"column":27},"end":{"line":926,"column":47}}},"98":{"name":"(anonymous_98)","line":938,"loc":{"start":{"line":938,"column":31},"end":{"line":938,"column":56}}},"99":{"name":"(anonymous_99)","line":954,"loc":{"start":{"line":954,"column":34},"end":{"line":954,"column":60}}},"100":{"name":"(anonymous_100)","line":955,"loc":{"start":{"line":955,"column":29},"end":{"line":955,"column":49}}},"101":{"name":"(anonymous_101)","line":963,"loc":{"start":{"line":963,"column":27},"end":{"line":963,"column":47}}},"102":{"name":"(anonymous_102)","line":974,"loc":{"start":{"line":974,"column":33},"end":{"line":974,"column":58}}},"103":{"name":"(anonymous_103)","line":991,"loc":{"start":{"line":991,"column":34},"end":{"line":991,"column":60}}},"104":{"name":"(anonymous_104)","line":992,"loc":{"start":{"line":992,"column":29},"end":{"line":992,"column":49}}},"105":{"name":"(anonymous_105)","line":1000,"loc":{"start":{"line":1000,"column":27},"end":{"line":1000,"column":47}}},"106":{"name":"(anonymous_106)","line":1012,"loc":{"start":{"line":1012,"column":32},"end":{"line":1012,"column":57}}},"107":{"name":"(anonymous_107)","line":1028,"loc":{"start":{"line":1028,"column":34},"end":{"line":1028,"column":60}}},"108":{"name":"(anonymous_108)","line":1029,"loc":{"start":{"line":1029,"column":29},"end":{"line":1029,"column":49}}},"109":{"name":"(anonymous_109)","line":1037,"loc":{"start":{"line":1037,"column":27},"end":{"line":1037,"column":47}}},"110":{"name":"(anonymous_110)","line":1048,"loc":{"start":{"line":1048,"column":32},"end":{"line":1048,"column":57}}},"111":{"name":"(anonymous_111)","line":1061,"loc":{"start":{"line":1061,"column":34},"end":{"line":1061,"column":60}}},"112":{"name":"(anonymous_112)","line":1062,"loc":{"start":{"line":1062,"column":29},"end":{"line":1062,"column":49}}},"113":{"name":"(anonymous_113)","line":1070,"loc":{"start":{"line":1070,"column":27},"end":{"line":1070,"column":47}}},"114":{"name":"(anonymous_114)","line":1080,"loc":{"start":{"line":1080,"column":24},"end":{"line":1080,"column":43}}},"115":{"name":"(anonymous_115)","line":1093,"loc":{"start":{"line":1093,"column":34},"end":{"line":1093,"column":60}}},"116":{"name":"(anonymous_116)","line":1094,"loc":{"start":{"line":1094,"column":28},"end":{"line":1094,"column":48}}},"117":{"name":"(anonymous_117)","line":1102,"loc":{"start":{"line":1102,"column":26},"end":{"line":1102,"column":46}}},"118":{"name":"(anonymous_118)","line":1112,"loc":{"start":{"line":1112,"column":27},"end":{"line":1112,"column":46}}},"119":{"name":"(anonymous_119)","line":1124,"loc":{"start":{"line":1124,"column":34},"end":{"line":1124,"column":60}}},"120":{"name":"(anonymous_120)","line":1125,"loc":{"start":{"line":1125,"column":28},"end":{"line":1125,"column":48}}},"121":{"name":"(anonymous_121)","line":1133,"loc":{"start":{"line":1133,"column":26},"end":{"line":1133,"column":46}}},"122":{"name":"(anonymous_122)","line":1143,"loc":{"start":{"line":1143,"column":24},"end":{"line":1143,"column":43}}},"123":{"name":"(anonymous_123)","line":1155,"loc":{"start":{"line":1155,"column":34},"end":{"line":1155,"column":60}}},"124":{"name":"(anonymous_124)","line":1156,"loc":{"start":{"line":1156,"column":29},"end":{"line":1156,"column":49}}},"125":{"name":"(anonymous_125)","line":1164,"loc":{"start":{"line":1164,"column":27},"end":{"line":1164,"column":47}}},"126":{"name":"(anonymous_126)","line":1175,"loc":{"start":{"line":1175,"column":29},"end":{"line":1175,"column":54}}},"127":{"name":"(anonymous_127)","line":1191,"loc":{"start":{"line":1191,"column":34},"end":{"line":1191,"column":60}}},"128":{"name":"(anonymous_128)","line":1192,"loc":{"start":{"line":1192,"column":29},"end":{"line":1192,"column":49}}},"129":{"name":"(anonymous_129)","line":1200,"loc":{"start":{"line":1200,"column":27},"end":{"line":1200,"column":47}}},"130":{"name":"(anonymous_130)","line":1215,"loc":{"start":{"line":1215,"column":24},"end":{"line":1215,"column":64}}},"131":{"name":"(anonymous_131)","line":1239,"loc":{"start":{"line":1239,"column":23},"end":{"line":1239,"column":92}}},"132":{"name":"(anonymous_132)","line":1248,"loc":{"start":{"line":1248,"column":31},"end":{"line":1248,"column":100}}},"133":{"name":"handler","line":1260,"loc":{"start":{"line":1260,"column":2},"end":{"line":1260,"column":35}}},"134":{"name":"handler","line":1269,"loc":{"start":{"line":1269,"column":7},"end":{"line":1269,"column":37}}},"135":{"name":"(anonymous_135)","line":1276,"loc":{"start":{"line":1276,"column":27},"end":{"line":1276,"column":38}}},"136":{"name":"(anonymous_136)","line":1293,"loc":{"start":{"line":1293,"column":36},"end":{"line":1293,"column":56}}},"137":{"name":"(anonymous_137)","line":1297,"loc":{"start":{"line":1297,"column":23},"end":{"line":1297,"column":43}}},"138":{"name":"(anonymous_138)","line":1328,"loc":{"start":{"line":1328,"column":30},"end":{"line":1328,"column":89}}},"139":{"name":"(anonymous_139)","line":1354,"loc":{"start":{"line":1354,"column":32},"end":{"line":1354,"column":58}}},"140":{"name":"(anonymous_140)","line":1355,"loc":{"start":{"line":1355,"column":37},"end":{"line":1355,"column":57}}},"141":{"name":"(anonymous_141)","line":1362,"loc":{"start":{"line":1362,"column":12},"end":{"line":1362,"column":29}}},"142":{"name":"(anonymous_142)","line":1365,"loc":{"start":{"line":1365,"column":27},"end":{"line":1365,"column":38}}},"143":{"name":"(anonymous_143)","line":1382,"loc":{"start":{"line":1382,"column":12},"end":{"line":1382,"column":32}}},"144":{"name":"(anonymous_144)","line":1384,"loc":{"start":{"line":1384,"column":12},"end":{"line":1384,"column":27}}},"145":{"name":"(anonymous_145)","line":1387,"loc":{"start":{"line":1387,"column":13},"end":{"line":1387,"column":27}}},"146":{"name":"(anonymous_146)","line":1399,"loc":{"start":{"line":1399,"column":29},"end":{"line":1399,"column":54}}},"147":{"name":"(anonymous_147)","line":1415,"loc":{"start":{"line":1415,"column":34},"end":{"line":1415,"column":60}}},"148":{"name":"(anonymous_148)","line":1416,"loc":{"start":{"line":1416,"column":29},"end":{"line":1416,"column":49}}},"149":{"name":"(anonymous_149)","line":1424,"loc":{"start":{"line":1424,"column":27},"end":{"line":1424,"column":47}}},"150":{"name":"(anonymous_150)","line":1436,"loc":{"start":{"line":1436,"column":29},"end":{"line":1436,"column":54}}},"151":{"name":"(anonymous_151)","line":1452,"loc":{"start":{"line":1452,"column":34},"end":{"line":1452,"column":60}}},"152":{"name":"(anonymous_152)","line":1453,"loc":{"start":{"line":1453,"column":29},"end":{"line":1453,"column":49}}},"153":{"name":"(anonymous_153)","line":1461,"loc":{"start":{"line":1461,"column":27},"end":{"line":1461,"column":47}}},"154":{"name":"(anonymous_154)","line":1472,"loc":{"start":{"line":1472,"column":30},"end":{"line":1472,"column":55}}},"155":{"name":"(anonymous_155)","line":1487,"loc":{"start":{"line":1487,"column":34},"end":{"line":1487,"column":60}}},"156":{"name":"(anonymous_156)","line":1488,"loc":{"start":{"line":1488,"column":29},"end":{"line":1488,"column":49}}},"157":{"name":"(anonymous_157)","line":1496,"loc":{"start":{"line":1496,"column":27},"end":{"line":1496,"column":47}}},"158":{"name":"(anonymous_158)","line":1507,"loc":{"start":{"line":1507,"column":31},"end":{"line":1507,"column":56}}},"159":{"name":"(anonymous_159)","line":1523,"loc":{"start":{"line":1523,"column":34},"end":{"line":1523,"column":60}}},"160":{"name":"(anonymous_160)","line":1524,"loc":{"start":{"line":1524,"column":29},"end":{"line":1524,"column":49}}},"161":{"name":"(anonymous_161)","line":1532,"loc":{"start":{"line":1532,"column":27},"end":{"line":1532,"column":47}}},"162":{"name":"(anonymous_162)","line":1545,"loc":{"start":{"line":1545,"column":32},"end":{"line":1545,"column":51}}},"163":{"name":"(anonymous_163)","line":1558,"loc":{"start":{"line":1558,"column":34},"end":{"line":1558,"column":60}}},"164":{"name":"(anonymous_164)","line":1559,"loc":{"start":{"line":1559,"column":29},"end":{"line":1559,"column":49}}},"165":{"name":"(anonymous_165)","line":1567,"loc":{"start":{"line":1567,"column":27},"end":{"line":1567,"column":47}}}},"statementMap":{"1":{"start":{"line":1,"column":0},"end":{"line":19,"column":23}},"2":{"start":{"line":21,"column":0},"end":{"line":36,"column":2}},"3":{"start":{"line":22,"column":2},"end":{"line":22,"column":57}},"4":{"start":{"line":22,"column":33},"end":{"line":22,"column":57}},"5":{"start":{"line":24,"column":2},"end":{"line":24,"column":32}},"6":{"start":{"line":26,"column":2},"end":{"line":32,"column":3}},"7":{"start":{"line":27,"column":4},"end":{"line":27,"column":28}},"8":{"start":{"line":29,"column":4},"end":{"line":31,"column":5}},"9":{"start":{"line":30,"column":6},"end":{"line":30,"column":23}},"10":{"start":{"line":34,"column":2},"end":{"line":34,"column":31}},"11":{"start":{"line":35,"column":2},"end":{"line":35,"column":32}},"12":{"start":{"line":43,"column":0},"end":{"line":76,"column":2}},"13":{"start":{"line":44,"column":2},"end":{"line":44,"column":18}},"14":{"start":{"line":45,"column":2},"end":{"line":57,"column":4}},"15":{"start":{"line":59,"column":2},"end":{"line":59,"column":25}},"16":{"start":{"line":61,"column":2},"end":{"line":75,"column":3}},"17":{"start":{"line":62,"column":4},"end":{"line":69,"column":7}},"18":{"start":{"line":63,"column":6},"end":{"line":68,"column":9}},"19":{"start":{"line":64,"column":8},"end":{"line":66,"column":9}},"20":{"start":{"line":65,"column":10},"end":{"line":65,"column":29}},"21":{"start":{"line":67,"column":8},"end":{"line":67,"column":44}},"22":{"start":{"line":71,"column":4},"end":{"line":74,"column":7}},"23":{"start":{"line":72,"column":6},"end":{"line":72,"column":42}},"24":{"start":{"line":72,"column":15},"end":{"line":72,"column":42}},"25":{"start":{"line":73,"column":6},"end":{"line":73,"column":48}},"26":{"start":{"line":84,"column":0},"end":{"line":121,"column":2}},"27":{"start":{"line":85,"column":2},"end":{"line":85,"column":18}},"28":{"start":{"line":86,"column":2},"end":{"line":93,"column":3}},"29":{"start":{"line":87,"column":4},"end":{"line":87,"column":20}},"30":{"start":{"line":88,"column":4},"end":{"line":88,"column":16}},"31":{"start":{"line":89,"column":4},"end":{"line":89,"column":40}},"32":{"start":{"line":90,"column":9},"end":{"line":93,"column":3}},"33":{"start":{"line":91,"column":4},"end":{"line":91,"column":16}},"34":{"start":{"line":92,"column":4},"end":{"line":92,"column":27}},"35":{"start":{"line":95,"column":2},"end":{"line":105,"column":4}},"36":{"start":{"line":107,"column":2},"end":{"line":120,"column":3}},"37":{"start":{"line":108,"column":4},"end":{"line":115,"column":7}},"38":{"start":{"line":109,"column":6},"end":{"line":114,"column":9}},"39":{"start":{"line":110,"column":8},"end":{"line":112,"column":9}},"40":{"start":{"line":111,"column":10},"end":{"line":111,"column":29}},"41":{"start":{"line":113,"column":8},"end":{"line":113,"column":22}},"42":{"start":{"line":117,"column":4},"end":{"line":119,"column":7}},"43":{"start":{"line":118,"column":6},"end":{"line":118,"column":26}},"44":{"start":{"line":129,"column":0},"end":{"line":162,"column":2}},"45":{"start":{"line":130,"column":2},"end":{"line":130,"column":18}},"46":{"start":{"line":131,"column":2},"end":{"line":134,"column":3}},"47":{"start":{"line":132,"column":4},"end":{"line":132,"column":20}},"48":{"start":{"line":133,"column":4},"end":{"line":133,"column":16}},"49":{"start":{"line":136,"column":2},"end":{"line":146,"column":4}},"50":{"start":{"line":148,"column":2},"end":{"line":161,"column":3}},"51":{"start":{"line":149,"column":4},"end":{"line":156,"column":7}},"52":{"start":{"line":150,"column":6},"end":{"line":155,"column":9}},"53":{"start":{"line":151,"column":8},"end":{"line":153,"column":9}},"54":{"start":{"line":152,"column":10},"end":{"line":152,"column":29}},"55":{"start":{"line":154,"column":8},"end":{"line":154,"column":22}},"56":{"start":{"line":158,"column":4},"end":{"line":160,"column":7}},"57":{"start":{"line":159,"column":6},"end":{"line":159,"column":26}},"58":{"start":{"line":170,"column":0},"end":{"line":205,"column":2}},"59":{"start":{"line":171,"column":2},"end":{"line":171,"column":18}},"60":{"start":{"line":172,"column":2},"end":{"line":175,"column":3}},"61":{"start":{"line":173,"column":4},"end":{"line":173,"column":20}},"62":{"start":{"line":174,"column":4},"end":{"line":174,"column":14}},"63":{"start":{"line":177,"column":2},"end":{"line":177,"column":21}},"64":{"start":{"line":179,"column":2},"end":{"line":189,"column":4}},"65":{"start":{"line":191,"column":2},"end":{"line":204,"column":3}},"66":{"start":{"line":192,"column":4},"end":{"line":199,"column":7}},"67":{"start":{"line":193,"column":6},"end":{"line":198,"column":9}},"68":{"start":{"line":194,"column":8},"end":{"line":196,"
[...]
":26}},"18":{"start":{"line":56,"column":0},"end":{"line":88,"column":2}},"19":{"start":{"line":57,"column":2},"end":{"line":57,"column":18}},"20":{"start":{"line":58,"column":2},"end":{"line":60,"column":3}},"21":{"start":{"line":59,"column":4},"end":{"line":59,"column":20}},"22":{"start":{"line":62,"column":2},"end":{"line":71,"column":4}},"23":{"start":{"line":73,"column":2},"end":{"line":87,"column":3}},"24":{"start":{"line":74,"column":4},"end":{"line":82,"column":7}},"25":{"start":{"line":75,"column":6},"end":{"line":81,"column":9}},"26":{"start":{"line":76,"column":8},"end":{"line":78,"column":9}},"27":{"start":{"line":77,"column":10},"end":{"line":77,"column":29}},"28":{"start":{"line":79,"column":8},"end":{"line":79,"column":27}},"29":{"start":{"line":80,"column":8},"end":{"line":80,"column":22}},"30":{"start":{"line":84,"column":4},"end":{"line":86,"column":7}},"31":{"start":{"line":85,"column":6},"end":{"line":85,"column":26}},"32":{"start":{"line":96,"column":0},"end":{"line":126,"column":2}},"33":{"start":{"line":97,"column":2},"end":{"line":97,"column":18}},"34":{"start":{"line":98,"column":2},"end":{"line":98,"column":46}},"35":{"start":{"line":100,"column":2},"end":{"line":110,"column":4}},"36":{"start":{"line":112,"column":2},"end":{"line":125,"column":3}},"37":{"start":{"line":113,"column":4},"end":{"line":120,"column":7}},"38":{"start":{"line":114,"column":6},"end":{"line":119,"column":9}},"39":{"start":{"line":115,"column":8},"end":{"line":117,"column":9}},"40":{"start":{"line":116,"column":10},"end":{"line":116,"column":29}},"41":{"start":{"line":118,"column":8},"end":{"line":118,"column":22}},"42":{"start":{"line":122,"column":4},"end":{"line":124,"column":7}},"43":{"start":{"line":123,"column":6},"end":{"line":123,"column":31}},"44":{"start":{"line":130,"column":0},"end":{"line":130,"column":24}}},"branchMap":{"1":{"line":34,"type":"if","locations":[{"start":{"line":34,"column":2},"end":{"line":34,"column":2}},{"start":{"line":34,"column":2},"end":{"line":34,"column":2}}]},"2":{"line":37,"type":"if","locations":[{"start":{"line":37,"column":8},"end":{"line":37,"column":8}},{"start":{"line":37,"column":8},"end":{"line":37,"column":8}}]},"3":{"line":58,"type":"if","locations":[{"start":{"line":58,"column":2},"end":{"line":58,"column":2}},{"start":{"line":58,"column":2},"end":{"line":58,"column":2}}]},"4":{"line":58,"type":"binary-expr","locations":[{"start":{"line":58,"column":6},"end":{"line":58,"column":15}},{"start":{"line":58,"column":19},"end":{"line":58,"column":45}}]},"5":{"line":73,"type":"if","locations":[{"start":{"line":73,"column":2},"end":{"line":73,"column":2}},{"start":{"line":73,"column":2},"end":{"line":73,"column":2}}]},"6":{"line":76,"type":"if","locations":[{"start":{"line":76,"column":8},"end":{"line":76,"column":8}},{"start":{"line":76,"column":8},"end":{"line":76,"column":8}}]},"7":{"line":112,"type":"if","locations":[{"start":{"line":112,"column":2},"end":{"line":112,"column":2}},{"start":{"line":112,"column":2},"end":{"line":112,"column":2}}]},"8":{"line":115,"type":"if","locations":[{"start":{"line":115,"column":8},"end":{"line":115,"column":8}},{"start":{"line":115,"column":8},"end":{"line":115,"column":8}}]}},"code":["var util = require('./util');","","/**"," * Represents a secret"," * @param {Object} modem docker-modem"," * @param {String} id  Secret's id"," */","var Secret = function(modem, id) {","  this.modem = modem;","  this.id = id;","};","","Secret.prototype[require('util').inspect.custom] = function() { return this; };","","/**"," * Inspect"," * @param  {Function} callback Callback, if specified Docker will be queried."," * @return {Object}            Name only if callback isn't specified."," */","Secret.prototype.inspect = function(callback) {","  var self = this;","","  var optsf = {","    path: '/secrets/' + this.id,","    method: 'GET',","    statusCodes: {","      200: true,","      404: 'secret not found',","      406: 'node is not part of a swarm',","      500: 'server error'","    }","  };","","  if(callback === undefined) {","    return new this.modem.Promise(function(resolve, reject) {","      self.modem.dial(optsf, function(err, data) {","        if (err) {","          return reject(err);","        }","        resolve(data);","      });","    });","  } else {","    this.modem.dial(optsf, function(err, data) {","      callback(err, data);","    });","  }","};","","/**"," * Update a secret."," *"," * @param {object} options"," * @param {function} callback"," */","Secret.prototype.update = function(opts, callback) {","  var self = this;","  if (!callback && typeof opts === 'function') {","    callback = opts;","  }","","  var optsf = {","    path: '/secrets/' + this.id + '/update?',","    method: 'POST',","    statusCodes: {","      200: true,","      404: 'secret not found',","      500: 'server error'","    },","    options: opts","  };","","  if(callback === undefined) {","    return new this.modem.Promise(function(resolve, reject) {","      self.modem.dial(optsf, function(err, data) {","        if (err) {","          return reject(err);","        }","        self.output = data;","        resolve(self);","      });","    });","  } else {","    this.modem.dial(optsf, function(err, data) {","      callback(err, data);","    });","  }","};","","","/**"," * Removes the secret"," * @param  {[Object]}   opts     Remove options (optional)"," * @param  {Function} callback Callback"," */","Secret.prototype.remove = function(opts, callback) {","  var self = this;","  var args = util.processArgs(opts, callback);","","  var optsf = {","    path: '/secrets/' + this.id,","    method: 'DELETE',","    statusCodes: {","      200: true,","      204: true,","      404: 'secret not found',","      500: 'server error'","    },","    options: args.opts","  };","","  if(args.callback === undefined) {","    return new this.modem.Promise(function(resolve, reject) {","      self.modem.dial(optsf, function(err, data) {","        if (err) {","          return reject(err);","        }","        resolve(data);","      });","    });","  } else {","    this.modem.dial(optsf, function(err, data) {","      args.callback(err, data);","    });","  }","};","","","","module.exports = Secret;",""],"l":{"1":1,"8":1,"9":0,"10":0,"13":1,"20":1,"21":0,"23":0,"34":0,"35":0,"36":0,"37":0,"38":0,"40":0,"44":0,"45":0,"56":1,"57":0,"58":0,"59":0,"62":0,"73":0,"74":0,"75":0,"76":0,"77":0,"79":0,"80":0,"84":0,"85":0,"96":1,"97":0,"98":0,"100":0,"112":0,"113":0,"114":0,"115":0,"116":0,"118":0,"122":0,"123":0,"130":1}},"/home/travis/build/npmtest/node-npmtest-dockerode/dockerode/lib/task.js":{"path":"/home/travis/build/npmtest/node-npmtest-dockerode/dockerode/lib/task.js","s":{"1":1,"2":1,"3":0,"4":0,"5":1,"6":0,"7":1,"8":0,"9":0,"10":0,"11":0,"12":0,"13":0,"14":0,"15":0,"16":0,"17":0,"18":1},"b":{"1":[0,0],"2":[0,0]},"f":{"1":0,"2":0,"3":0,"4":0,"5":0,"6":0},"fnMap":{"1":{"name":"(anonymous_1)","line":8,"loc":{"start":{"line":8,"column":11},"end":{"line":8,"column":31}}},"2":{"name":"(anonymous_2)","line":13,"loc":{"start":{"line":13,"column":49},"end":{"line":13,"column":60}}},"3":{"name":"(anonymous_3)","line":21,"loc":{"start":{"line":21,"column":25},"end":{"line":21,"column":44}}},"4":{"name":"(anonymous_4)","line":35,"loc":{"start":{"line":35,"column":34},"end":{"line":35,"column":60}}},"5":{"name":"(anonymous_5)","line":36,"loc":{"start":{"line":36,"column":29},"end":{"line":36,"column":49}}},"6":{"name":"(anonymous_6)","line":44,"loc":{"start":{"line":44,"column":27},"end":{"line":44,"column":47}}}},"statementMap":{"1":{"start":{"line":1,"column":0},"end":{"line":1,"column":29}},"2":{"start":{"line":8,"column":0},"end":{"line":11,"column":2}},"3":{"start":{"line":9,"column":2},"end":{"line":9,"column":21}},"4":{"start":{"line":10,"column":2},"end":{"line":10,"column":15}},"5":{"start":{"line":13,"column":0},"end":{"line":13,"column":77}},"6":{"start":{"line":13,"column":62},"end":{"line":13,"column":74}},"7":{"start":{"line":21,"column":0},"end":{"line":48,"column":2}},"8":{"start":{"line":22,"column":2},"end":{"line":22,"column":18}},"9":{"start":{"line":24,"column":2},"end":{"line":32,"column":4}},"10":{"start":{"line":34,"column":2},"end":{"line":47,"column":3}},"11":{"start":{"line":35,"column":4},"end":{"line":42,"column":7}},"12":{"start":{"line":36,"column":6},"end":{"line":41,"column":9}},"13":{"start":{"line":37,"column":8},"end":{"line":39,"column":9}},"14":{"start":{"line":38,"column":10},"end":{"line":38,"column":29}},"15":{"start":{"line":40,"column":8},"end":{"line":40,"column":22}},"16":{"start":{"line":44,"column":4},"end":{"line":46,"column":7}},"17":{"start":{"line":45,"column":6},"end":{"line":45,"column":26}},"18":{"start":{"line":51,"column":0},"end":{"line":51,"column":22}}},"branchMap":{"1":{"line":34,"type":"if","locations":[{"start":{"line":34,"column":2},"end":{"line":34,"column":2}},{"start":{"line":34,"column":2},"end":{"line":34,"column":2}}]},"2":{"line":37,"type":"if","locations":[{"start":{"line":37,"column":8},"end":{"line":37,"column":8}},{"start":{"line":37,"column":8},"end":{"line":37,"column":8}}]}},"code":["var util = require('./util');","","/**"," * Represents an Task"," * @param {Object} modem docker-modem"," * @param {String} id    Task's ID"," */","var Task = function(modem, id) {","  this.modem = modem;","  this.id = id;","};","","Task.prototype[require('util').inspect.custom] = function() { return this; };","","/**"," * Query Docker for Task details."," *"," * @param {object} options"," * @param {function} callback"," */","Task.prototype.inspect = function(callback) {","  var self = this;","","  var optsf = {","    path: '/tasks/' + this.id,","    method: 'GET',","    statusCodes: {","      200: true,","      404: 'unknown task',","      500: 'server error'","    }","  };","","  if(callback === undefined) {","    return new this.modem.Promise(function(resolve, reject) {","      self.modem.dial(optsf, function(err, data) {","        if (err) {","          return reject(err);","        }","        resolve(data);","      });","    });","  } else {","    this.modem.dial(optsf, function(err, data) {","      callback(err, data);","    });","  }","};","","","module.exports = Task;",""],"l":{"1":1,"8":1,"9":0,"10":0,"13":1,"21":1,"22":0,"24":0,"34":0,"35":0,"36":0,"37":0,"38":0,"40":0,"44":0,"45":0,"51":1}},"/home/travis/build/npmtest/node-npmtest-dockerode/dockerode/lib/node.js":{"path":"/home/travis/build/npmtest/node-npmtest-dockerode/dockerode/lib/node.js","s":{"1":1,"2":1,"3":0,"4":0,"5":1,"6":0,"7":1,"8":0,"9":0,"10":0,"11":0,"12":0,"13":0,"14":0,"15":0,"16":0,"17":0,"18":1,"19":0,"20":0,"21":0,"22":0,"23":0,"24":0,"25":0,"26":0,"27":0,"28":0,"29":0,"30":0,"31":0,"32":1,"33":0,"34":0,"35":0,"36":0,"37":0,"38":0,"39":0,"40":0,"41":0,"42":0,"43":1},"b":{"1":[0,0],"2":[0,0],"3":[0,0],"4":[0,0],"5":[0,0],"6":[0,0],"7":[0,0],"8":[0,0]},"f":{"1":0,"2":0,"3":0,"4":0,"5":0,"6":0,"7":0,"8":0,"9":0,"10":0,"11":0,"12":0,"13":0,"14":0},"fnMap":{"1":{"name":"(anonymous_1)","line":8,"loc":{"start":{"line":8,"column":11},"end":{"line":8,"column":31}}},"2":{"name":"(anonymous_2)","line":13,"loc":{"start":{"line":13,"column":49},"end":{"line":13,"column":60}}},"3":{"name":"(anonymous_3)","line":21,"loc":{"start":{"line":21,"column":25},"end":{"line":21,"column":44}}},"4":{"name":"(anonymous_4)","line":35,"loc":{"start":{"line":35,"column":34},"end":{"line":35,"column":60}}},"5":{"name":"(anonymous_5)","line":36,"loc":{"start":{"line":36,"column":29},"end":{"line":36,"column":49}}},"6":{"name":"(anonymous_6)","line":44,"loc":{"start":{"line":44,"column":27},"end":{"line":44,"column":47}}},"7":{"name":"(anonymous_7)","line":57,"loc":{"start":{"line":57,"column":24},"end":{"line":57,"column":49}}},"8":{"name":"(anonymous_8)","line":76,"loc":{"start":{"line":76,"column":34},"end":{"line":76,"column":60}}},"9":{"name":"(anonymous_9)","line":77,"loc":{"start":{"line":77,"column":29},"end":{"line":77,"column":49}}},"10":{"name":"(anonymous_10)","line":86,"loc":{"start":{"line":86,"column":27},"end":{"line":86,"column":47}}},"11":{"name":"(anonymous_11)","line":100,"loc":{"start":{"line":100,"column":24},"end":{"line":100,"column":43}}},"12":{"name":"(anonymous_12)","line":114,"loc":{"start":{"line":114,"column":34},"end":{"line":114,"column":60}}},"13":{"name":"(anonymous_13)","line":115,"loc":{"start":{"line":115,"column":29},"end":{"line":115,"column":49}}},"14":{"name":"(anonymous_14)","line":123,"loc":{"start":{"line":123,"column":27},"end":{"line":123,"column":47}}}},"statementMap":{"1":{"start":{"line":1,"column":0},"end":{"line":1,"column":29}},"2":{"start":{"line":8,"column":0},"end":{"line":11,"column":2}},"3":{"start":{"line":9,"column":2},"end":{"line":9,"column":21}},"4":{"start":{"line":10,"column":2},"end":{"line":10,"column":15}},"5":{"start":{"line":13,"column":0},"end":{"line":13,"column":77}},"6":{"start":{"line":13,"column":62},"end":{"line":13,"column":74}},"7":{"start":{"line":21,"column":0},"end":{"line":48,"column":2}},"8":{"start":{"line":22,"column":2},"end":{"line":22,"column":18}},"9":{"start":{"line":24,"column":2},"end":{"line":32,"column":4}},"10":{"start":{"line":34,"column":2},"end":{"line":47,"column":3}},"11":{"start":{"line":35,"column":4},"end":{"line":42,"column":7}},"12":{"start":{"line":36,"column":6},"end":{"line":41,"column":9}},"13":{"start":{"line":37,"column":8},"end":{"line":39,"column":9}},"14":{"start":{"line":38,"column":10},"end":{"line":38,"column":29}},"15":{"start":{"line":40,"column":8},"end":{"line":40,"column":22}},"16":{"start":{"line":44,"column":4},"end":{"line":46,"column":7}},"17":{"start":{"line":45,"column":6},"end":{"line":45,"column":26}},"18":{"start":{"line":57,"column":0},"end":{"line":90,"column":2}},"19":{"start":{"line":58,"column":2},"end":{"line":58,"column":18}},"20":{"start":{"line":59,"column":2},"end":{"line":61,"column":3}},"21":{"start":{"line":60,"column":4},"end":{"line":60,"column":20}},"22":{"start":{"line":63,"column":2},"end":{"line":73,"column":4}},"23":{"start":{"line":75,"column":2},"end":{"line":89,"column":3}},"24":{"start":{"line":76,"column":4},"end":{"line":84,"column":7}},"25":{"start":{"line":77,"column":6},"end":{"line":83,"column":9}},"26":{"start":{"line":78,"column":8},"end":{"line":80,"column":9}},"27":{"start":{"line":79,"column":10},"end":{"line":79,"column":29}},"28":{"start":{"line":81,"column":8},"end":{"line":81,"column":27}},"29":{"start":{"line":82,"column":8},"end":{"line":82,"column":22}},"30":{"start":{"line":86,"column":4},"end":{"line":88,"column":7}},"31":{"start":{"line":87,"column":6},"end":{"line":87,"column":26}},"32":{"start":{"line":100,"column":0},"end":{"line":127,"column":2}},"33":{"start":{"line":101,"column":2},"end":{"line":101,"column":18}},"34":{"start":{"line":103,"column":2},"end":{"line":111,"column":4}},"35":{"start":{"line":113,"column":2},"end":{"line":126,"column":3}},"36":{"start":{"line":114,"column":4},"end":{"line":121,"column":7}},"37":{"start":{"line":115,"column":6},"end":{"line":120,"column":9}},"38":{"start":{"line":116,"column":8},"end":{"line":118,"column":9}},"39":{"start":{"line":117,"column":10},"end":{"line":117,"column":29}},"40":{"start":{"line":119,"column":8},"end":{"line":119,"column":22}},"41":{"start":{"line":123,"column":4},"end":{"line":125,"column":7}},"42":{"start":{"line":124,"column":6},"end":{"line":124,"column":26}},"43":{"start":{"line":130,"column":0},"end":{"line":130,"column":22}}},"branchMap":{"1":{"line":34,"type":"if","locations":[{"start":{"line":34,"column":2},"end":{"line":34,"column":2}},{"start":{"line":34,"column":2},"end":{"line":34,"column":2}}]},"2":{"line":37,"type":"if","locations":[{"start":{"line":37,"column":8},"end":{"line":37,"column":8}},{"start":{"line":37,"column":8},"end":{"line":37,"column":8}}]},"3":{"line":59,"type":"if","locations":[{"start":{"line":59,"column":2},"end":{"line":59,"column":2}},{"start":{"line":59,"column":2},"end":{"line":59,"column":2}}]},"4":{"line":59,"type":"binary-expr","locations":[{"start":{"line":59,"column":6},"end":{"line":59,"column":15}},{"start":{"line":59,"column":19},"end":{"line":59,"column":45}}]},"5":{"line":75,"type":"if","locations":[{"start":{"line":75,"column":2},"end":{"line":75,"column":2}},{"start":{"line":75,"column":2},"end":{"line":75,"column":2}}]},"6":{"line":78,"type":"if","locations":[{"start":{"line":78,"column":8},"end":{"line":78,"column":8}},{"start":{"line":78,"column":8},"end":{"line":78,"column":8}}]},"7":{"line":113,"type":"if","locations":[{"start":{"line":113,"column":2},"end":{"line":113,"column":2}},{"start":{"line":113,"column":2},"end":{"line":113,"column":2}}]},"8":{"line":116,"type":"if","locations":[{"start":{"line":116,"column":8},"end":{"line":116,"column":8}},{"start":{"line":116,"column":8},"end":{"line":116,"column":8}}]}},"code":["var util = require('./util');","","/**"," * Represents an Node"," * @param {Object} modem docker-modem"," * @param {String} id    Node's ID"," */","var Node = function(modem, id) {","  this.modem = modem;","  this.id = id;","};","","Node.prototype[require('util').inspect.custom] = function() { return this; };","","/**"," * Query Docker for Node details."," *"," * @param {object} options"," * @param {function} callback"," */","Node.prototype.inspect = function(callback) {","  var self = this;","","  var optsf = {","    path: '/nodes/' + this.id,","    method: 'GET',","    statusCodes: {","      200: true,","      404: 'no such node',","      500: 'server error'","    }","  };","","  if(callback === undefined) {","    return new this.modem.Promise(function(resolve, reject) {","      self.modem.dial(optsf, function(err, data) {","        if (err) {","          return reject(err);","        }","        resolve(data);","      });","    });","  } else {","    this.modem.dial(optsf, function(err, data) {","      callback(err, data);","    });","  }","};","","","/**"," * Update a node."," *"," * @param {object} options"," * @param {function} callback"," */","Node.prototype.update = function(opts, callback) {","  var self = this;","  if (!callback && typeof opts === 'function') {","    callback = opts;","  }","","  var optsf = {","    path: '/nodes/' + this.id + '/update?',","    method: 'POST',","    statusCodes: {","      200: true,","      404: 'no such node',","      406: 'node is not part of a swarm',","      500: 'server error'","    },","    options: opts","  };","","  if(callback === undefined) {","    return new this.modem.Promise(function(resolve, reject) {","      self.modem.dial(optsf, function(err, data) {","        if (err) {","          return reject(err);","        }","        self.output = data;","        resolve(self);","      });","    });","  } else {","    this.modem.dial(optsf, function(err, data) {","      callback(err, data);","    });","  }","};","","","/**"," * Remove a Node."," * Warning: This method is not documented in the API."," *"," * @param {object} options"," * @param {function} callback"," */","Node.prototype.remove = function(callback) {","  var self = this;","","  var optsf = {","    path: '/nodes/' + this.id,","    method: 'DELETE',","    statusCodes: {","      200: true,","      404: 'no such node',","      500: 'server error'","    }","  };","","  if(callback === undefined) {","    return new this.modem.Promise(function(resolve, reject) {","      self.modem.dial(optsf, function(err, data) {","        if (err) {","          return reject(err);","        }","        resolve(data);","      });","    });","  } else {","    this.modem.dial(optsf, function(err, data) {","      callback(err, data);","    });","  }","};","","","module.exports = Node;",""],"l":{"1":1,"8":1,"9":0,"10":0,"13":1,"21":1,"22":0,"24":0,"34":0,"35":0,"36":0,"37":0,"38":0,"40":0,"44":0,"45":0,"57":1,"58":0,"59":0,"60":0,"63":0,"75":0,"76":0,"77":0,"78":0,"79":0,"81":0,"82":0,"86":0,"87":0,"100":1,"101":0,"103":0,"113":0,"114":0,"115":0,"116":0,"117":0,"119":0,"123":0,"124":0,"130":1}}}